2023-12-12 10:57:44.2502 INFO Application started...
2023-12-12 10:57:50.7735 DEBUG Hosting starting
2023-12-12 10:57:50.9733 INFO User profile is available. Using 'C:\Users\anany\AppData\Local\ASP.NET\DataProtection-Keys' as key repository and Windows DPAPI to encrypt keys at rest.
2023-12-12 10:57:52.8125 DEBUG Reading data from file 'C:\Users\anany\AppData\Local\ASP.NET\DataProtection-Keys\key-eed368dc-f21a-4e31-a063-6b7be4e0c050.xml'.
2023-12-12 10:57:52.8518 DEBUG Found key {eed368dc-f21a-4e31-a063-6b7be4e0c050}.
2023-12-12 10:57:52.8711 DEBUG Considering key {eed368dc-f21a-4e31-a063-6b7be4e0c050} with expiration date 2024-01-31 05:59:39Z as default key.
2023-12-12 10:57:52.9096 DEBUG Forwarded activator type request from Microsoft.AspNetCore.DataProtection.XmlEncryption.DpapiXmlDecryptor, Microsoft.AspNetCore.DataProtection, Version=3.1.32.0, Culture=neutral, PublicKeyToken=adb9793829ddae60 to Microsoft.AspNetCore.DataProtection.XmlEncryption.DpapiXmlDecryptor, Microsoft.AspNetCore.DataProtection, Culture=neutral, PublicKeyToken=adb9793829ddae60
2023-12-12 10:57:52.9096 DEBUG Decrypting secret element using Windows DPAPI.
2023-12-12 10:57:52.9096 DEBUG Forwarded activator type request from Microsoft.AspNetCore.DataProtection.AuthenticatedEncryption.ConfigurationModel.AuthenticatedEncryptorDescriptorDeserializer, Microsoft.AspNetCore.DataProtection, Version=3.1.32.0, Culture=neutral, PublicKeyToken=adb9793829ddae60 to Microsoft.AspNetCore.DataProtection.AuthenticatedEncryption.ConfigurationModel.AuthenticatedEncryptorDescriptorDeserializer, Microsoft.AspNetCore.DataProtection, Culture=neutral, PublicKeyToken=adb9793829ddae60
2023-12-12 10:57:52.9205 DEBUG Opening CNG algorithm 'AES' from provider '(null)' with chaining mode CBC.
2023-12-12 10:57:52.9205 DEBUG Opening CNG algorithm 'SHA256' from provider '(null)' with HMAC.
2023-12-12 10:57:52.9205 DEBUG Using key {eed368dc-f21a-4e31-a063-6b7be4e0c050} as the default key.
2023-12-12 10:57:52.9205 DEBUG Key ring with default key {eed368dc-f21a-4e31-a063-6b7be4e0c050} was loaded during application startup.
2023-12-12 10:57:52.9370 DEBUG Starting host: rabbitmq://localhost/
2023-12-12 10:57:53.0079 DEBUG Connect: guest@localhost:5672/
2023-12-12 10:57:54.0230 DEBUG Loaded hosting startup assembly FundooNoteApplication
2023-12-12 10:57:54.0230 DEBUG Loaded hosting startup assembly Microsoft.AspNetCore.Watch.BrowserRefresh
2023-12-12 10:57:54.0230 DEBUG Loaded hosting startup assembly Microsoft.WebTools.BrowserLink.Net
2023-12-12 10:57:54.0230 INFO Application started. Press Ctrl+C to shut down.
2023-12-12 10:57:54.0230 INFO Hosting environment: Development
2023-12-12 10:57:54.0230 INFO Content root path: C:\Users\anany\source\repos\FundooNoteApplication\FundooNoteApplication
2023-12-12 10:57:54.0230 DEBUG Hosting started
2023-12-12 10:57:54.0459 DEBUG Connection ID "17437937766573801496" disconnecting.
2023-12-12 10:57:54.0779 INFO Request starting HTTP/2.0 GET https://localhost:44352/Swagger/index.html  
2023-12-12 10:57:54.1263 DEBUG Wildcard detected, all requests with hosts will be allowed.
2023-12-12 10:57:54.1925 DEBUG AuthenticationScheme: Bearer was not authenticated.
2023-12-12 10:57:54.2856 DEBUG Response markup is scheduled to include browser refresh script injection.
2023-12-12 10:57:54.6054 DEBUG Response markup was updated to include browser refresh script injection.
2023-12-12 10:57:54.6130 INFO Request finished in 539.2263ms 200 text/html;charset=utf-8
2023-12-12 10:57:57.6846 DEBUG Connected: guest@localhost:5672/ (address: amqp://localhost:5672, local: 49828)
