2023-12-18 07:08:52.0186 INFO Application started...
2023-12-18 07:08:56.3532 DEBUG Hosting starting
2023-12-18 07:08:56.4654 INFO User profile is available. Using 'C:\Users\anany\AppData\Local\ASP.NET\DataProtection-Keys' as key repository and Windows DPAPI to encrypt keys at rest.
2023-12-18 07:08:58.4651 DEBUG Reading data from file 'C:\Users\anany\AppData\Local\ASP.NET\DataProtection-Keys\key-eed368dc-f21a-4e31-a063-6b7be4e0c050.xml'.
2023-12-18 07:08:58.4955 DEBUG Found key {eed368dc-f21a-4e31-a063-6b7be4e0c050}.
2023-12-18 07:08:58.5358 DEBUG Considering key {eed368dc-f21a-4e31-a063-6b7be4e0c050} with expiration date 2024-01-31 05:59:39Z as default key.
2023-12-18 07:08:58.5921 DEBUG Forwarded activator type request from Microsoft.AspNetCore.DataProtection.XmlEncryption.DpapiXmlDecryptor, Microsoft.AspNetCore.DataProtection, Version=3.1.32.0, Culture=neutral, PublicKeyToken=adb9793829ddae60 to Microsoft.AspNetCore.DataProtection.XmlEncryption.DpapiXmlDecryptor, Microsoft.AspNetCore.DataProtection, Culture=neutral, PublicKeyToken=adb9793829ddae60
2023-12-18 07:08:58.5921 DEBUG Decrypting secret element using Windows DPAPI.
2023-12-18 07:08:58.5921 DEBUG Forwarded activator type request from Microsoft.AspNetCore.DataProtection.AuthenticatedEncryption.ConfigurationModel.AuthenticatedEncryptorDescriptorDeserializer, Microsoft.AspNetCore.DataProtection, Version=3.1.32.0, Culture=neutral, PublicKeyToken=adb9793829ddae60 to Microsoft.AspNetCore.DataProtection.AuthenticatedEncryption.ConfigurationModel.AuthenticatedEncryptorDescriptorDeserializer, Microsoft.AspNetCore.DataProtection, Culture=neutral, PublicKeyToken=adb9793829ddae60
2023-12-18 07:08:58.6091 DEBUG Opening CNG algorithm 'AES' from provider '(null)' with chaining mode CBC.
2023-12-18 07:08:58.6091 DEBUG Opening CNG algorithm 'SHA256' from provider '(null)' with HMAC.
2023-12-18 07:08:58.6091 DEBUG Using key {eed368dc-f21a-4e31-a063-6b7be4e0c050} as the default key.
2023-12-18 07:08:58.6091 DEBUG Key ring with default key {eed368dc-f21a-4e31-a063-6b7be4e0c050} was loaded during application startup.
2023-12-18 07:08:58.6269 DEBUG Starting host: rabbitmq://localhost/
2023-12-18 07:08:58.7053 DEBUG Connect: guest@localhost:5672/
2023-12-18 07:09:00.0009 DEBUG Loaded hosting startup assembly FundooNoteApplication
2023-12-18 07:09:00.0009 DEBUG Loaded hosting startup assembly Microsoft.AspNetCore.Watch.BrowserRefresh
2023-12-18 07:09:00.0009 DEBUG Loaded hosting startup assembly Microsoft.WebTools.BrowserLink.Net
2023-12-18 07:09:00.0009 INFO Application started. Press Ctrl+C to shut down.
2023-12-18 07:09:00.0009 INFO Hosting environment: Development
2023-12-18 07:09:00.0009 INFO Content root path: C:\Users\anany\source\repos\FundooNoteApplication\FundooNoteApplication
2023-12-18 07:09:00.0009 DEBUG Hosting started
2023-12-18 07:09:00.0491 INFO Request starting HTTP/2.0 GET https://localhost:44352/Swagger/index.html  
2023-12-18 07:09:00.3913 DEBUG Connected: guest@localhost:5672/ (address: amqp://localhost:5672, local: 60860)
2023-12-18 07:09:02.8600 DEBUG Wildcard detected, all requests with hosts will be allowed.
2023-12-18 07:09:02.9823 DEBUG AuthenticationScheme: Bearer was not authenticated.
2023-12-18 07:09:03.0978 DEBUG Response markup is scheduled to include browser refresh script injection.
2023-12-18 07:09:05.2567 DEBUG Response markup was updated to include browser refresh script injection.
2023-12-18 07:09:05.2765 INFO Request finished in 5229.0376ms 200 text/html;charset=utf-8
2023-12-18 07:09:05.6021 INFO Request starting HTTP/2.0 GET https://localhost:44352/_framework/aspnetcore-browser-refresh.js  
2023-12-18 07:09:05.6109 INFO Request finished in 8.8328ms 200 application/javascript; charset=utf-8
2023-12-18 07:09:06.5392 INFO Request starting HTTP/2.0 GET https://localhost:44352/swagger/v1/swagger.json  
2023-12-18 07:09:06.5392 DEBUG AuthenticationScheme: Bearer was not authenticated.
2023-12-18 07:09:06.7355 INFO Request finished in 196.3168ms 200 application/json;charset=utf-8
2023-12-18 07:09:37.9923 INFO Request starting HTTP/2.0 POST https://localhost:44352/api/User/login-with-jwt application/json 69
2023-12-18 07:09:37.9923 DEBUG AuthenticationScheme: Bearer was not authenticated.
2023-12-18 07:09:37.9923 DEBUG POST requests are not supported
2023-12-18 07:09:38.0258 DEBUG 1 candidate(s) found for the request path '/api/User/login-with-jwt'
2023-12-18 07:09:38.0292 DEBUG Endpoint 'FundooNoteApplication.Controllers.UserController.LoginWithJwt (FundooNoteApplication)' with route pattern 'api/User/login-with-jwt' is valid for the request path '/api/User/login-with-jwt'
2023-12-18 07:09:38.0292 DEBUG Request matched endpoint 'FundooNoteApplication.Controllers.UserController.LoginWithJwt (FundooNoteApplication)'
2023-12-18 07:09:38.0292 INFO Executing endpoint 'FundooNoteApplication.Controllers.UserController.LoginWithJwt (FundooNoteApplication)'
2023-12-18 07:09:38.0437 DEBUG Registered model binder providers, in the following order: Microsoft.AspNetCore.Mvc.ModelBinding.Binders.BinderTypeModelBinderProvider, Microsoft.AspNetCore.Mvc.ModelBinding.Binders.ServicesModelBinderProvider, Microsoft.AspNetCore.Mvc.ModelBinding.Binders.BodyModelBinderProvider, Microsoft.AspNetCore.Mvc.ModelBinding.Binders.HeaderModelBinderProvider, Microsoft.AspNetCore.Mvc.ModelBinding.Binders.FloatingPointTypeModelBinderProvider, Microsoft.AspNetCore.Mvc.ModelBinding.Binders.EnumTypeModelBinderProvider, Microsoft.AspNetCore.Mvc.ModelBinding.Binders.SimpleTypeModelBinderProvider, Microsoft.AspNetCore.Mvc.ModelBinding.Binders.CancellationTokenModelBinderProvider, Microsoft.AspNetCore.Mvc.ModelBinding.Binders.ByteArrayModelBinderProvider, Microsoft.AspNetCore.Mvc.ModelBinding.Binders.FormFileModelBinderProvider, Microsoft.AspNetCore.Mvc.ModelBinding.Binders.FormCollectionModelBinderProvider, Microsoft.AspNetCore.Mvc.ModelBinding.Binders.KeyValuePairModelBinderProvider, Microsoft.AspNetCore.Mvc.ModelBinding.Binders.DictionaryModelBinderProvider, Microsoft.AspNetCore.Mvc.ModelBinding.Binders.ArrayModelBinderProvider, Microsoft.AspNetCore.Mvc.ModelBinding.Binders.CollectionModelBinderProvider, Microsoft.AspNetCore.Mvc.ModelBinding.Binders.ComplexTypeModelBinderProvider
2023-12-18 07:09:38.1007 INFO Route matched with {action = "LoginWithJwt", controller = "User"}. Executing controller action with signature Microsoft.AspNetCore.Mvc.IActionResult LoginWithJwt(ModelLayer.Models.UserLogin) on controller FundooNoteApplication.Controllers.UserController (FundooNoteApplication).
2023-12-18 07:09:38.1007 DEBUG Execution plan of authorization filters (in the following order): None
2023-12-18 07:09:38.1007 DEBUG Execution plan of resource filters (in the following order): None
2023-12-18 07:09:38.1007 DEBUG Execution plan of action filters (in the following order): Microsoft.AspNetCore.Mvc.ModelBinding.UnsupportedContentTypeFilter (Order: -3000), Microsoft.AspNetCore.Mvc.Infrastructure.ModelStateInvalidFilter (Order: -2000)
2023-12-18 07:09:38.1007 DEBUG Execution plan of exception filters (in the following order): None
2023-12-18 07:09:38.1007 DEBUG Execution plan of result filters (in the following order): Microsoft.AspNetCore.Mvc.Infrastructure.ClientErrorResultFilter (Order: -2000)
2023-12-18 07:09:38.1066 DEBUG Executing controller factory for controller FundooNoteApplication.Controllers.UserController (FundooNoteApplication)
2023-12-18 07:09:38.2853 DEBUG An 'IServiceProvider' was created for internal use by Entity Framework.
2023-12-18 07:09:38.3305 DEBUG Executed controller factory for controller FundooNoteApplication.Controllers.UserController (FundooNoteApplication)
2023-12-18 07:09:38.3414 DEBUG Attempting to bind parameter 'userLogin' of type 'ModelLayer.Models.UserLogin' ...
2023-12-18 07:09:38.3414 DEBUG Attempting to bind parameter 'userLogin' of type 'ModelLayer.Models.UserLogin' using the name '' in request data ...
2023-12-18 07:09:38.3414 DEBUG Selected input formatter 'Microsoft.AspNetCore.Mvc.Formatters.SystemTextJsonInputFormatter' for content type 'application/json'.
2023-12-18 07:09:38.3635 DEBUG JSON input formatter succeeded, deserializing to type 'ModelLayer.Models.UserLogin'
2023-12-18 07:09:38.3635 DEBUG Done attempting to bind parameter 'userLogin' of type 'ModelLayer.Models.UserLogin'.
2023-12-18 07:09:38.3635 DEBUG Done attempting to bind parameter 'userLogin' of type 'ModelLayer.Models.UserLogin'.
2023-12-18 07:09:38.3635 DEBUG Attempting to validate the bound parameter 'userLogin' of type 'ModelLayer.Models.UserLogin' ...
2023-12-18 07:09:38.3635 DEBUG Done attempting to validate the bound parameter 'userLogin' of type 'ModelLayer.Models.UserLogin'.
2023-12-18 07:09:39.5157 INFO Entity Framework Core 3.1.0 initialized 'FundooContext' using provider 'Microsoft.EntityFrameworkCore.SqlServer' with options: None
2023-12-18 07:09:39.8553 DEBUG queryContext => new QueryingEnumerable<UserEntity>(
    (RelationalQueryContext)queryContext, 
    RelationalCommandCache, 
    null, 
    null, 
    Func<QueryContext, DbDataReader, ResultContext, int[], ResultCoordinator, UserEntity>, 
    RepositoryLayer.Context.FundooContext, 
    DiagnosticsLogger<Query>
)
    .SingleOrDefault()
2023-12-18 07:09:39.8781 DEBUG Creating DbCommand for 'ExecuteReader'.
2023-12-18 07:09:40.0104 DEBUG Created DbCommand for 'ExecuteReader' (128ms).
2023-12-18 07:09:40.0236 DEBUG Opening connection to database 'Fundoo' on server 'tcp:sqlfundooserver.database.windows.net,1433'.
2023-12-18 07:09:41.5901 ERROR An error occurred using the connection to database 'Fundoo' on server 'tcp:sqlfundooserver.database.windows.net,1433'.
2023-12-18 07:09:41.6824 ERROR An exception occurred while iterating over the results of a query for context type 'RepositoryLayer.Context.FundooContext'.
Microsoft.Data.SqlClient.SqlException (0x80131904): Cannot open server 'sqlfundooserver' requested by the login. Client with IP address '103.122.61.10' is not allowed to access the server.  To enable access, use the Azure Management Portal or run sp_set_firewall_rule on the master database to create a firewall rule for this IP address or address range.  It may take up to five minutes for this change to take effect.
   at Microsoft.Data.ProviderBase.DbConnectionPool.CheckPoolBlockingPeriod(Exception e)
   at Microsoft.Data.ProviderBase.DbConnectionPool.CreateObject(DbConnection owningObject, DbConnectionOptions userOptions, DbConnectionInternal oldConnection)
   at Microsoft.Data.ProviderBase.DbConnectionPool.UserCreateRequest(DbConnection owningObject, DbConnectionOptions userOptions, DbConnectionInternal oldConnection)
   at Microsoft.Data.ProviderBase.DbConnectionPool.TryGetConnection(DbConnection owningObject, UInt32 waitForMultipleObjectsTimeout, Boolean allowCreate, Boolean onlyOneCheckConnection, DbConnectionOptions userOptions, DbConnectionInternal& connection)
   at Microsoft.Data.ProviderBase.DbConnectionPool.TryGetConnection(DbConnection owningObject, TaskCompletionSource`1 retry, DbConnectionOptions userOptions, DbConnectionInternal& connection)
   at Microsoft.Data.ProviderBase.DbConnectionFactory.TryGetConnection(DbConnection owningConnection, TaskCompletionSource`1 retry, DbConnectionOptions userOptions, DbConnectionInternal oldConnection, DbConnectionInternal& connection)
   at Microsoft.Data.ProviderBase.DbConnectionInternal.TryOpenConnectionInternal(DbConnection outerConnection, DbConnectionFactory connectionFactory, TaskCompletionSource`1 retry, DbConnectionOptions userOptions)
   at Microsoft.Data.ProviderBase.DbConnectionClosed.TryOpenConnection(DbConnection outerConnection, DbConnectionFactory connectionFactory, TaskCompletionSource`1 retry, DbConnectionOptions userOptions)
   at Microsoft.Data.SqlClient.SqlConnection.TryOpen(TaskCompletionSource`1 retry)
   at Microsoft.Data.SqlClient.SqlConnection.Open()
   at Microsoft.EntityFrameworkCore.Storage.RelationalConnection.OpenDbConnection(Boolean errorsExpected)
   at Microsoft.EntityFrameworkCore.Storage.RelationalConnection.Open(Boolean errorsExpected)
   at Microsoft.EntityFrameworkCore.Storage.RelationalCommand.ExecuteReader(RelationalCommandParameterObject parameterObject)
   at Microsoft.EntityFrameworkCore.Query.Internal.QueryingEnumerable`1.Enumerator.InitializeReader(DbContext _, Boolean result)
   at Microsoft.EntityFrameworkCore.SqlServer.Storage.Internal.SqlServerExecutionStrategy.Execute[TState,TResult](TState state, Func`3 operation, Func`3 verifySucceeded)
   at Microsoft.EntityFrameworkCore.Query.Internal.QueryingEnumerable`1.Enumerator.MoveNext()
ClientConnectionId:7e9b0820-2452-4a6c-b4c5-2ff4b6cf610b
Error Number:40615,State:1,Class:14
2023-12-18 07:09:41.6883 DEBUG List of registered output formatters, in the following order: Microsoft.AspNetCore.Mvc.Formatters.HttpNoContentOutputFormatter, Microsoft.AspNetCore.Mvc.Formatters.StringOutputFormatter, Microsoft.AspNetCore.Mvc.Formatters.StreamOutputFormatter, Microsoft.AspNetCore.Mvc.Formatters.SystemTextJsonOutputFormatter
2023-12-18 07:09:41.6883 DEBUG No information found on request to perform content negotiation.
2023-12-18 07:09:41.6883 DEBUG Attempting to select an output formatter without using a content type as no explicit content types were specified for the response.
2023-12-18 07:09:41.6883 DEBUG Attempting to select the first formatter in the output formatters list which can write the result.
2023-12-18 07:09:41.6883 DEBUG Selected output formatter 'Microsoft.AspNetCore.Mvc.Formatters.SystemTextJsonOutputFormatter' and content type 'application/json' to write the response.
2023-12-18 07:09:41.6883 INFO Executing ObjectResult, writing value of type '<>f__AnonymousType1`2[[System.Boolean, System.Private.CoreLib, Version=4.0.0.0, Culture=neutral, PublicKeyToken=7cec85d7bea7798e],[System.String, System.Private.CoreLib, Version=4.0.0.0, Culture=neutral, PublicKeyToken=7cec85d7bea7798e]]'.
2023-12-18 07:09:41.7049 INFO Executed action FundooNoteApplication.Controllers.UserController.LoginWithJwt (FundooNoteApplication) in 3596.3626ms
2023-12-18 07:09:41.7049 INFO Executed endpoint 'FundooNoteApplication.Controllers.UserController.LoginWithJwt (FundooNoteApplication)'
2023-12-18 07:09:51.7898 ERROR Error closing the session.
2023-12-18 07:09:51.7949 DEBUG 'FundooContext' disposed.
2023-12-18 07:09:51.7949 INFO Request finished in 13814.9695ms 400 application/json; charset=utf-8
2023-12-18 07:12:49.5670 INFO Request starting HTTP/2.0 POST https://localhost:44352/api/User/Forget-Password?Email=ananyaetti6622%40gmail.com&Token=eyJhbGciOiJIUzI1NiIsInR5cCI6IkpXVCJ9.eyJFbWFpbCI6ImFuYW55YWV0dGk2NjIyQGdtYWlsLmNvbSIsIlVzZXJJZCI6IjEiLCJleHAiOjE3MDI4NjQ1NzgsImlzcyI6Imh0dHA6Ly9sb2NhbGhvc3Q6MjE2MDUvIiwiYXVkIjoiaHR0cDovL2xvY2FsaG9zdDoyMTYwNS8ifQ.lQ4Cp6PF-23EhVpEn83yCxzRUmfbHPbMVmPQi_ph5rY  0
2023-12-18 07:12:49.5670 DEBUG AuthenticationScheme: Bearer was not authenticated.
2023-12-18 07:12:49.5756 DEBUG POST requests are not supported
2023-12-18 07:12:49.5922 DEBUG 1 candidate(s) found for the request path '/api/User/Forget-Password'
2023-12-18 07:12:49.5922 DEBUG Endpoint 'FundooNoteApplication.Controllers.UserController.ForgetPassword (FundooNoteApplication)' with route pattern 'api/User/Forget-Password' is valid for the request path '/api/User/Forget-Password'
2023-12-18 07:12:49.5922 DEBUG Request matched endpoint 'FundooNoteApplication.Controllers.UserController.ForgetPassword (FundooNoteApplication)'
2023-12-18 07:12:49.5922 INFO Executing endpoint 'FundooNoteApplication.Controllers.UserController.ForgetPassword (FundooNoteApplication)'
2023-12-18 07:12:49.6153 INFO Route matched with {action = "ForgetPassword", controller = "User"}. Executing controller action with signature System.Threading.Tasks.Task`1[Microsoft.AspNetCore.Mvc.IActionResult] ForgetPassword(System.String, System.String) on controller FundooNoteApplication.Controllers.UserController (FundooNoteApplication).
2023-12-18 07:12:49.6153 DEBUG Execution plan of authorization filters (in the following order): None
2023-12-18 07:12:49.6153 DEBUG Execution plan of resource filters (in the following order): None
2023-12-18 07:12:49.6153 DEBUG Execution plan of action filters (in the following order): Microsoft.AspNetCore.Mvc.ModelBinding.UnsupportedContentTypeFilter (Order: -3000), Microsoft.AspNetCore.Mvc.Infrastructure.ModelStateInvalidFilter (Order: -2000)
2023-12-18 07:12:49.6153 DEBUG Execution plan of exception filters (in the following order): None
2023-12-18 07:12:49.6153 DEBUG Execution plan of result filters (in the following order): Microsoft.AspNetCore.Mvc.Infrastructure.ClientErrorResultFilter (Order: -2000)
2023-12-18 07:12:49.6153 DEBUG Executing controller factory for controller FundooNoteApplication.Controllers.UserController (FundooNoteApplication)
2023-12-18 07:12:49.6153 DEBUG Executed controller factory for controller FundooNoteApplication.Controllers.UserController (FundooNoteApplication)
2023-12-18 07:12:49.6153 DEBUG Attempting to bind parameter 'Email' of type 'System.String' ...
2023-12-18 07:12:49.6238 DEBUG Attempting to bind parameter 'Email' of type 'System.String' using the name 'Email' in request data ...
2023-12-18 07:12:49.6238 DEBUG Done attempting to bind parameter 'Email' of type 'System.String'.
2023-12-18 07:12:49.6238 DEBUG Done attempting to bind parameter 'Email' of type 'System.String'.
2023-12-18 07:12:49.6238 DEBUG Attempting to validate the bound parameter 'Email' of type 'System.String' ...
2023-12-18 07:12:49.6238 DEBUG Done attempting to validate the bound parameter 'Email' of type 'System.String'.
2023-12-18 07:12:49.6238 DEBUG Attempting to bind parameter 'Token' of type 'System.String' ...
2023-12-18 07:12:49.6238 DEBUG Attempting to bind parameter 'Token' of type 'System.String' using the name 'Token' in request data ...
2023-12-18 07:12:49.6238 DEBUG Done attempting to bind parameter 'Token' of type 'System.String'.
2023-12-18 07:12:49.6238 DEBUG Done attempting to bind parameter 'Token' of type 'System.String'.
2023-12-18 07:12:49.6238 DEBUG Attempting to validate the bound parameter 'Token' of type 'System.String' ...
2023-12-18 07:12:49.6238 DEBUG Done attempting to validate the bound parameter 'Token' of type 'System.String'.
2023-12-18 07:12:49.6956 INFO Entity Framework Core 3.1.0 initialized 'FundooContext' using provider 'Microsoft.EntityFrameworkCore.SqlServer' with options: None
2023-12-18 07:12:49.7134 DEBUG queryContext => new QueryingEnumerable<UserEntity>(
    (RelationalQueryContext)queryContext, 
    RelationalCommandCache, 
    null, 
    null, 
    Func<QueryContext, DbDataReader, ResultContext, int[], ResultCoordinator, UserEntity>, 
    RepositoryLayer.Context.FundooContext, 
    DiagnosticsLogger<Query>
)
    .SingleOrDefault()
2023-12-18 07:12:49.7134 DEBUG Creating DbCommand for 'ExecuteReader'.
2023-12-18 07:12:49.7134 DEBUG Created DbCommand for 'ExecuteReader' (1ms).
2023-12-18 07:12:49.7134 DEBUG Opening connection to database 'Fundoo' on server 'tcp:sqlfundooserver.database.windows.net,1433'.
2023-12-18 07:12:51.0306 ERROR An error occurred using the connection to database 'Fundoo' on server 'tcp:sqlfundooserver.database.windows.net,1433'.
2023-12-18 07:12:51.0306 ERROR An exception occurred while iterating over the results of a query for context type 'RepositoryLayer.Context.FundooContext'.
Microsoft.Data.SqlClient.SqlException (0x80131904): Cannot open server 'sqlfundooserver' requested by the login. Client with IP address '103.122.61.10' is not allowed to access the server.  To enable access, use the Azure Management Portal or run sp_set_firewall_rule on the master database to create a firewall rule for this IP address or address range.  It may take up to five minutes for this change to take effect.
   at Microsoft.Data.ProviderBase.DbConnectionPool.CheckPoolBlockingPeriod(Exception e)
   at Microsoft.Data.ProviderBase.DbConnectionPool.CreateObject(DbConnection owningObject, DbConnectionOptions userOptions, DbConnectionInternal oldConnection)
   at Microsoft.Data.ProviderBase.DbConnectionPool.UserCreateRequest(DbConnection owningObject, DbConnectionOptions userOptions, DbConnectionInternal oldConnection)
   at Microsoft.Data.ProviderBase.DbConnectionPool.TryGetConnection(DbConnection owningObject, UInt32 waitForMultipleObjectsTimeout, Boolean allowCreate, Boolean onlyOneCheckConnection, DbConnectionOptions userOptions, DbConnectionInternal& connection)
   at Microsoft.Data.ProviderBase.DbConnectionPool.TryGetConnection(DbConnection owningObject, TaskCompletionSource`1 retry, DbConnectionOptions userOptions, DbConnectionInternal& connection)
   at Microsoft.Data.ProviderBase.DbConnectionFactory.TryGetConnection(DbConnection owningConnection, TaskCompletionSource`1 retry, DbConnectionOptions userOptions, DbConnectionInternal oldConnection, DbConnectionInternal& connection)
   at Microsoft.Data.ProviderBase.DbConnectionInternal.TryOpenConnectionInternal(DbConnection outerConnection, DbConnectionFactory connectionFactory, TaskCompletionSource`1 retry, DbConnectionOptions userOptions)
   at Microsoft.Data.ProviderBase.DbConnectionClosed.TryOpenConnection(DbConnection outerConnection, DbConnectionFactory connectionFactory, TaskCompletionSource`1 retry, DbConnectionOptions userOptions)
   at Microsoft.Data.SqlClient.SqlConnection.TryOpen(TaskCompletionSource`1 retry)
   at Microsoft.Data.SqlClient.SqlConnection.Open()
   at Microsoft.EntityFrameworkCore.Storage.RelationalConnection.OpenDbConnection(Boolean errorsExpected)
   at Microsoft.EntityFrameworkCore.Storage.RelationalConnection.Open(Boolean errorsExpected)
   at Microsoft.EntityFrameworkCore.Storage.RelationalCommand.ExecuteReader(RelationalCommandParameterObject parameterObject)
   at Microsoft.EntityFrameworkCore.Query.Internal.QueryingEnumerable`1.Enumerator.InitializeReader(DbContext _, Boolean result)
   at Microsoft.EntityFrameworkCore.SqlServer.Storage.Internal.SqlServerExecutionStrategy.Execute[TState,TResult](TState state, Func`3 operation, Func`3 verifySucceeded)
   at Microsoft.EntityFrameworkCore.Query.Internal.QueryingEnumerable`1.Enumerator.MoveNext()
ClientConnectionId:361ab59a-02a4-4fb9-851c-3d0d8e512842
Error Number:40615,State:1,Class:14
2023-12-18 07:12:51.0306 DEBUG List of registered output formatters, in the following order: Microsoft.AspNetCore.Mvc.Formatters.HttpNoContentOutputFormatter, Microsoft.AspNetCore.Mvc.Formatters.StringOutputFormatter, Microsoft.AspNetCore.Mvc.Formatters.StreamOutputFormatter, Microsoft.AspNetCore.Mvc.Formatters.SystemTextJsonOutputFormatter
2023-12-18 07:12:51.0306 DEBUG No information found on request to perform content negotiation.
2023-12-18 07:12:51.0306 DEBUG Attempting to select an output formatter without using a content type as no explicit content types were specified for the response.
2023-12-18 07:12:51.0306 DEBUG Attempting to select the first formatter in the output formatters list which can write the result.
2023-12-18 07:12:51.0306 DEBUG Selected output formatter 'Microsoft.AspNetCore.Mvc.Formatters.SystemTextJsonOutputFormatter' and content type 'application/json' to write the response.
2023-12-18 07:12:51.0306 INFO Executing ObjectResult, writing value of type '<>f__AnonymousType1`2[[System.Boolean, System.Private.CoreLib, Version=4.0.0.0, Culture=neutral, PublicKeyToken=7cec85d7bea7798e],[System.String, System.Private.CoreLib, Version=4.0.0.0, Culture=neutral, PublicKeyToken=7cec85d7bea7798e]]'.
2023-12-18 07:12:51.0441 INFO Executed action FundooNoteApplication.Controllers.UserController.ForgetPassword (FundooNoteApplication) in 1427.7726ms
2023-12-18 07:12:51.0441 INFO Executed endpoint 'FundooNoteApplication.Controllers.UserController.ForgetPassword (FundooNoteApplication)'
2023-12-18 07:12:55.1587 ERROR Error closing the session.
2023-12-18 07:12:55.1587 DEBUG 'FundooContext' disposed.
2023-12-18 07:12:55.1587 INFO Request finished in 5593.2527ms 400 application/json; charset=utf-8
2023-12-18 07:18:08.7627 INFO Application started...
2023-12-18 07:18:10.6204 DEBUG Hosting starting
2023-12-18 07:18:10.7014 INFO User profile is available. Using 'C:\Users\anany\AppData\Local\ASP.NET\DataProtection-Keys' as key repository and Windows DPAPI to encrypt keys at rest.
2023-12-18 07:18:11.1690 DEBUG Reading data from file 'C:\Users\anany\AppData\Local\ASP.NET\DataProtection-Keys\key-eed368dc-f21a-4e31-a063-6b7be4e0c050.xml'.
2023-12-18 07:18:11.1690 DEBUG Found key {eed368dc-f21a-4e31-a063-6b7be4e0c050}.
2023-12-18 07:18:11.1994 DEBUG Considering key {eed368dc-f21a-4e31-a063-6b7be4e0c050} with expiration date 2024-01-31 05:59:39Z as default key.
2023-12-18 07:18:11.2564 DEBUG Forwarded activator type request from Microsoft.AspNetCore.DataProtection.XmlEncryption.DpapiXmlDecryptor, Microsoft.AspNetCore.DataProtection, Version=3.1.32.0, Culture=neutral, PublicKeyToken=adb9793829ddae60 to Microsoft.AspNetCore.DataProtection.XmlEncryption.DpapiXmlDecryptor, Microsoft.AspNetCore.DataProtection, Culture=neutral, PublicKeyToken=adb9793829ddae60
2023-12-18 07:18:11.2564 DEBUG Decrypting secret element using Windows DPAPI.
2023-12-18 07:18:11.2639 DEBUG Forwarded activator type request from Microsoft.AspNetCore.DataProtection.AuthenticatedEncryption.ConfigurationModel.AuthenticatedEncryptorDescriptorDeserializer, Microsoft.AspNetCore.DataProtection, Version=3.1.32.0, Culture=neutral, PublicKeyToken=adb9793829ddae60 to Microsoft.AspNetCore.DataProtection.AuthenticatedEncryption.ConfigurationModel.AuthenticatedEncryptorDescriptorDeserializer, Microsoft.AspNetCore.DataProtection, Culture=neutral, PublicKeyToken=adb9793829ddae60
2023-12-18 07:18:11.2639 DEBUG Opening CNG algorithm 'AES' from provider '(null)' with chaining mode CBC.
2023-12-18 07:18:11.2797 DEBUG Opening CNG algorithm 'SHA256' from provider '(null)' with HMAC.
2023-12-18 07:18:11.2797 DEBUG Using key {eed368dc-f21a-4e31-a063-6b7be4e0c050} as the default key.
2023-12-18 07:18:11.2797 DEBUG Key ring with default key {eed368dc-f21a-4e31-a063-6b7be4e0c050} was loaded during application startup.
2023-12-18 07:18:11.2986 DEBUG Starting host: rabbitmq://localhost/
2023-12-18 07:18:11.3922 DEBUG Connect: guest@localhost:5672/
2023-12-18 07:18:11.6786 DEBUG Connected: guest@localhost:5672/ (address: amqp://localhost:5672, local: 61167)
2023-12-18 07:18:11.7810 DEBUG Loaded hosting startup assembly FundooNoteApplication
2023-12-18 07:18:11.7810 DEBUG Loaded hosting startup assembly Microsoft.AspNetCore.Watch.BrowserRefresh
2023-12-18 07:18:11.7810 DEBUG Loaded hosting startup assembly Microsoft.WebTools.BrowserLink.Net
2023-12-18 07:18:11.7810 INFO Application started. Press Ctrl+C to shut down.
2023-12-18 07:18:11.7810 INFO Hosting environment: Development
2023-12-18 07:18:11.7810 INFO Content root path: C:\Users\anany\source\repos\FundooNoteApplication\FundooNoteApplication
2023-12-18 07:18:11.7810 DEBUG Hosting started
2023-12-18 07:18:11.8301 INFO Request starting HTTP/2.0 GET https://localhost:44352/Swagger/index.html  
2023-12-18 07:18:11.8768 DEBUG Wildcard detected, all requests with hosts will be allowed.
2023-12-18 07:18:11.9566 DEBUG AuthenticationScheme: Bearer was not authenticated.
2023-12-18 07:18:12.0620 DEBUG Response markup is scheduled to include browser refresh script injection.
2023-12-18 07:18:12.6174 DEBUG Response markup was updated to include browser refresh script injection.
2023-12-18 07:18:12.6335 INFO Request starting HTTP/2.0 GET https://localhost:44352/_framework/aspnetcore-browser-refresh.js  
2023-12-18 07:18:12.6335 INFO Request finished in 806.8314ms 200 text/html;charset=utf-8
2023-12-18 07:18:12.6415 INFO Request starting HTTP/2.0 GET https://localhost:44352/_vs/browserLink  
2023-12-18 07:18:12.6415 INFO Request finished in 18.8246ms 200 application/javascript; charset=utf-8
2023-12-18 07:18:12.8054 INFO Request finished in 163.9347ms 200 text/javascript; charset=UTF-8
2023-12-18 07:18:12.9101 INFO Request starting HTTP/2.0 GET https://localhost:44352/swagger/v1/swagger.json  
2023-12-18 07:18:12.9101 DEBUG AuthenticationScheme: Bearer was not authenticated.
2023-12-18 07:18:13.0966 INFO Request finished in 186.4912ms 200 application/json;charset=utf-8
2023-12-18 07:18:49.8346 INFO Request starting HTTP/2.0 POST https://localhost:44352/api/User/Forget-Password?Email=ananyaetti6622%40gmail.com&Token=asdfghk  0
2023-12-18 07:18:49.8346 DEBUG AuthenticationScheme: Bearer was not authenticated.
2023-12-18 07:18:49.8446 DEBUG POST requests are not supported
2023-12-18 07:18:49.8917 DEBUG 1 candidate(s) found for the request path '/api/User/Forget-Password'
2023-12-18 07:18:49.8961 DEBUG Endpoint 'FundooNoteApplication.Controllers.UserController.ForgetPassword (FundooNoteApplication)' with route pattern 'api/User/Forget-Password' is valid for the request path '/api/User/Forget-Password'
2023-12-18 07:18:49.8961 DEBUG Request matched endpoint 'FundooNoteApplication.Controllers.UserController.ForgetPassword (FundooNoteApplication)'
2023-12-18 07:18:49.9028 INFO Executing endpoint 'FundooNoteApplication.Controllers.UserController.ForgetPassword (FundooNoteApplication)'
2023-12-18 07:18:49.9028 DEBUG Registered model binder providers, in the following order: Microsoft.AspNetCore.Mvc.ModelBinding.Binders.BinderTypeModelBinderProvider, Microsoft.AspNetCore.Mvc.ModelBinding.Binders.ServicesModelBinderProvider, Microsoft.AspNetCore.Mvc.ModelBinding.Binders.BodyModelBinderProvider, Microsoft.AspNetCore.Mvc.ModelBinding.Binders.HeaderModelBinderProvider, Microsoft.AspNetCore.Mvc.ModelBinding.Binders.FloatingPointTypeModelBinderProvider, Microsoft.AspNetCore.Mvc.ModelBinding.Binders.EnumTypeModelBinderProvider, Microsoft.AspNetCore.Mvc.ModelBinding.Binders.SimpleTypeModelBinderProvider, Microsoft.AspNetCore.Mvc.ModelBinding.Binders.CancellationTokenModelBinderProvider, Microsoft.AspNetCore.Mvc.ModelBinding.Binders.ByteArrayModelBinderProvider, Microsoft.AspNetCore.Mvc.ModelBinding.Binders.FormFileModelBinderProvider, Microsoft.AspNetCore.Mvc.ModelBinding.Binders.FormCollectionModelBinderProvider, Microsoft.AspNetCore.Mvc.ModelBinding.Binders.KeyValuePairModelBinderProvider, Microsoft.AspNetCore.Mvc.ModelBinding.Binders.DictionaryModelBinderProvider, Microsoft.AspNetCore.Mvc.ModelBinding.Binders.ArrayModelBinderProvider, Microsoft.AspNetCore.Mvc.ModelBinding.Binders.CollectionModelBinderProvider, Microsoft.AspNetCore.Mvc.ModelBinding.Binders.ComplexTypeModelBinderProvider
2023-12-18 07:18:49.9981 INFO Route matched with {action = "ForgetPassword", controller = "User"}. Executing controller action with signature System.Threading.Tasks.Task`1[Microsoft.AspNetCore.Mvc.IActionResult] ForgetPassword(System.String, System.String) on controller FundooNoteApplication.Controllers.UserController (FundooNoteApplication).
2023-12-18 07:18:49.9981 DEBUG Execution plan of authorization filters (in the following order): None
2023-12-18 07:18:49.9981 DEBUG Execution plan of resource filters (in the following order): None
2023-12-18 07:18:49.9981 DEBUG Execution plan of action filters (in the following order): Microsoft.AspNetCore.Mvc.ModelBinding.UnsupportedContentTypeFilter (Order: -3000), Microsoft.AspNetCore.Mvc.Infrastructure.ModelStateInvalidFilter (Order: -2000)
2023-12-18 07:18:49.9981 DEBUG Execution plan of exception filters (in the following order): None
2023-12-18 07:18:49.9981 DEBUG Execution plan of result filters (in the following order): Microsoft.AspNetCore.Mvc.Infrastructure.ClientErrorResultFilter (Order: -2000)
2023-12-18 07:18:49.9981 DEBUG Executing controller factory for controller FundooNoteApplication.Controllers.UserController (FundooNoteApplication)
2023-12-18 07:18:50.2170 DEBUG An 'IServiceProvider' was created for internal use by Entity Framework.
2023-12-18 07:18:50.2590 DEBUG Executed controller factory for controller FundooNoteApplication.Controllers.UserController (FundooNoteApplication)
2023-12-18 07:18:50.2682 DEBUG Attempting to bind parameter 'Email' of type 'System.String' ...
2023-12-18 07:18:50.2682 DEBUG Attempting to bind parameter 'Email' of type 'System.String' using the name 'Email' in request data ...
2023-12-18 07:18:50.2682 DEBUG Done attempting to bind parameter 'Email' of type 'System.String'.
2023-12-18 07:18:50.2682 DEBUG Done attempting to bind parameter 'Email' of type 'System.String'.
2023-12-18 07:18:50.2682 DEBUG Attempting to validate the bound parameter 'Email' of type 'System.String' ...
2023-12-18 07:18:50.2682 DEBUG Done attempting to validate the bound parameter 'Email' of type 'System.String'.
2023-12-18 07:18:50.2796 DEBUG Attempting to bind parameter 'Token' of type 'System.String' ...
2023-12-18 07:18:50.2796 DEBUG Attempting to bind parameter 'Token' of type 'System.String' using the name 'Token' in request data ...
2023-12-18 07:18:50.2796 DEBUG Done attempting to bind parameter 'Token' of type 'System.String'.
2023-12-18 07:18:50.2796 DEBUG Done attempting to bind parameter 'Token' of type 'System.String'.
2023-12-18 07:18:50.2796 DEBUG Attempting to validate the bound parameter 'Token' of type 'System.String' ...
2023-12-18 07:18:50.2796 DEBUG Done attempting to validate the bound parameter 'Token' of type 'System.String'.
2023-12-18 07:18:51.5905 INFO Entity Framework Core 3.1.0 initialized 'FundooContext' using provider 'Microsoft.EntityFrameworkCore.SqlServer' with options: None
2023-12-18 07:18:51.9848 DEBUG queryContext => new QueryingEnumerable<UserEntity>(
    (RelationalQueryContext)queryContext, 
    RelationalCommandCache, 
    null, 
    null, 
    Func<QueryContext, DbDataReader, ResultContext, int[], ResultCoordinator, UserEntity>, 
    RepositoryLayer.Context.FundooContext, 
    DiagnosticsLogger<Query>
)
    .SingleOrDefault()
2023-12-18 07:18:52.0387 DEBUG Creating DbCommand for 'ExecuteReader'.
2023-12-18 07:18:52.2844 DEBUG Created DbCommand for 'ExecuteReader' (237ms).
2023-12-18 07:18:52.3039 DEBUG Opening connection to database 'Fundoo' on server 'tcp:sqlfundooserver.database.windows.net,1433'.
2023-12-18 07:18:53.9311 ERROR An error occurred using the connection to database 'Fundoo' on server 'tcp:sqlfundooserver.database.windows.net,1433'.
2023-12-18 07:18:54.0265 ERROR An exception occurred while iterating over the results of a query for context type 'RepositoryLayer.Context.FundooContext'.
Microsoft.Data.SqlClient.SqlException (0x80131904): Cannot open server 'sqlfundooserver' requested by the login. Client with IP address '103.122.61.10' is not allowed to access the server.  To enable access, use the Azure Management Portal or run sp_set_firewall_rule on the master database to create a firewall rule for this IP address or address range.  It may take up to five minutes for this change to take effect.
   at Microsoft.Data.ProviderBase.DbConnectionPool.CheckPoolBlockingPeriod(Exception e)
   at Microsoft.Data.ProviderBase.DbConnectionPool.CreateObject(DbConnection owningObject, DbConnectionOptions userOptions, DbConnectionInternal oldConnection)
   at Microsoft.Data.ProviderBase.DbConnectionPool.UserCreateRequest(DbConnection owningObject, DbConnectionOptions userOptions, DbConnectionInternal oldConnection)
   at Microsoft.Data.ProviderBase.DbConnectionPool.TryGetConnection(DbConnection owningObject, UInt32 waitForMultipleObjectsTimeout, Boolean allowCreate, Boolean onlyOneCheckConnection, DbConnectionOptions userOptions, DbConnectionInternal& connection)
   at Microsoft.Data.ProviderBase.DbConnectionPool.TryGetConnection(DbConnection owningObject, TaskCompletionSource`1 retry, DbConnectionOptions userOptions, DbConnectionInternal& connection)
   at Microsoft.Data.ProviderBase.DbConnectionFactory.TryGetConnection(DbConnection owningConnection, TaskCompletionSource`1 retry, DbConnectionOptions userOptions, DbConnectionInternal oldConnection, DbConnectionInternal& connection)
   at Microsoft.Data.ProviderBase.DbConnectionInternal.TryOpenConnectionInternal(DbConnection outerConnection, DbConnectionFactory connectionFactory, TaskCompletionSource`1 retry, DbConnectionOptions userOptions)
   at Microsoft.Data.ProviderBase.DbConnectionClosed.TryOpenConnection(DbConnection outerConnection, DbConnectionFactory connectionFactory, TaskCompletionSource`1 retry, DbConnectionOptions userOptions)
   at Microsoft.Data.SqlClient.SqlConnection.TryOpen(TaskCompletionSource`1 retry)
   at Microsoft.Data.SqlClient.SqlConnection.Open()
   at Microsoft.EntityFrameworkCore.Storage.RelationalConnection.OpenDbConnection(Boolean errorsExpected)
   at Microsoft.EntityFrameworkCore.Storage.RelationalConnection.Open(Boolean errorsExpected)
   at Microsoft.EntityFrameworkCore.Storage.RelationalCommand.ExecuteReader(RelationalCommandParameterObject parameterObject)
   at Microsoft.EntityFrameworkCore.Query.Internal.QueryingEnumerable`1.Enumerator.InitializeReader(DbContext _, Boolean result)
   at Microsoft.EntityFrameworkCore.SqlServer.Storage.Internal.SqlServerExecutionStrategy.Execute[TState,TResult](TState state, Func`3 operation, Func`3 verifySucceeded)
   at Microsoft.EntityFrameworkCore.Query.Internal.QueryingEnumerable`1.Enumerator.MoveNext()
ClientConnectionId:0417660c-a161-4676-80ba-4de36f8526b8
Error Number:40615,State:1,Class:14
2023-12-18 07:18:54.0340 DEBUG List of registered output formatters, in the following order: Microsoft.AspNetCore.Mvc.Formatters.HttpNoContentOutputFormatter, Microsoft.AspNetCore.Mvc.Formatters.StringOutputFormatter, Microsoft.AspNetCore.Mvc.Formatters.StreamOutputFormatter, Microsoft.AspNetCore.Mvc.Formatters.SystemTextJsonOutputFormatter
2023-12-18 07:18:54.0340 DEBUG No information found on request to perform content negotiation.
2023-12-18 07:18:54.0340 DEBUG Attempting to select an output formatter without using a content type as no explicit content types were specified for the response.
2023-12-18 07:18:54.0340 DEBUG Attempting to select the first formatter in the output formatters list which can write the result.
2023-12-18 07:18:54.0340 DEBUG Selected output formatter 'Microsoft.AspNetCore.Mvc.Formatters.SystemTextJsonOutputFormatter' and content type 'application/json' to write the response.
2023-12-18 07:18:54.0340 INFO Executing ObjectResult, writing value of type '<>f__AnonymousType1`2[[System.Boolean, System.Private.CoreLib, Version=4.0.0.0, Culture=neutral, PublicKeyToken=7cec85d7bea7798e],[System.String, System.Private.CoreLib, Version=4.0.0.0, Culture=neutral, PublicKeyToken=7cec85d7bea7798e]]'.
2023-12-18 07:18:54.0513 INFO Executed action FundooNoteApplication.Controllers.UserController.ForgetPassword (FundooNoteApplication) in 4047.041ms
2023-12-18 07:18:54.0513 INFO Executed endpoint 'FundooNoteApplication.Controllers.UserController.ForgetPassword (FundooNoteApplication)'
2023-12-18 07:19:03.4263 ERROR Error closing the session.
2023-12-18 07:19:03.4366 DEBUG 'FundooContext' disposed.
2023-12-18 07:19:03.4366 INFO Request finished in 13616.56ms 400 application/json; charset=utf-8
