2023-12-06 08:44:12.0996 INFO Application started...
2023-12-06 08:44:14.3933 DEBUG Hosting starting
2023-12-06 08:44:14.4490 INFO User profile is available. Using 'C:\Users\anany\AppData\Local\ASP.NET\DataProtection-Keys' as key repository and Windows DPAPI to encrypt keys at rest.
2023-12-06 08:44:15.5373 DEBUG Reading data from file 'C:\Users\anany\AppData\Local\ASP.NET\DataProtection-Keys\key-eed368dc-f21a-4e31-a063-6b7be4e0c050.xml'.
2023-12-06 08:44:15.6830 DEBUG Found key {eed368dc-f21a-4e31-a063-6b7be4e0c050}.
2023-12-06 08:44:15.6830 DEBUG Considering key {eed368dc-f21a-4e31-a063-6b7be4e0c050} with expiration date 2024-01-31 05:59:39Z as default key.
2023-12-06 08:44:15.7172 DEBUG Forwarded activator type request from Microsoft.AspNetCore.DataProtection.XmlEncryption.DpapiXmlDecryptor, Microsoft.AspNetCore.DataProtection, Version=3.1.32.0, Culture=neutral, PublicKeyToken=adb9793829ddae60 to Microsoft.AspNetCore.DataProtection.XmlEncryption.DpapiXmlDecryptor, Microsoft.AspNetCore.DataProtection, Culture=neutral, PublicKeyToken=adb9793829ddae60
2023-12-06 08:44:15.7172 DEBUG Decrypting secret element using Windows DPAPI.
2023-12-06 08:44:15.7172 DEBUG Forwarded activator type request from Microsoft.AspNetCore.DataProtection.AuthenticatedEncryption.ConfigurationModel.AuthenticatedEncryptorDescriptorDeserializer, Microsoft.AspNetCore.DataProtection, Version=3.1.32.0, Culture=neutral, PublicKeyToken=adb9793829ddae60 to Microsoft.AspNetCore.DataProtection.AuthenticatedEncryption.ConfigurationModel.AuthenticatedEncryptorDescriptorDeserializer, Microsoft.AspNetCore.DataProtection, Culture=neutral, PublicKeyToken=adb9793829ddae60
2023-12-06 08:44:15.7237 DEBUG Opening CNG algorithm 'AES' from provider '(null)' with chaining mode CBC.
2023-12-06 08:44:15.7237 DEBUG Opening CNG algorithm 'SHA256' from provider '(null)' with HMAC.
2023-12-06 08:44:15.7237 DEBUG Using key {eed368dc-f21a-4e31-a063-6b7be4e0c050} as the default key.
2023-12-06 08:44:15.7237 DEBUG Key ring with default key {eed368dc-f21a-4e31-a063-6b7be4e0c050} was loaded during application startup.
2023-12-06 08:44:15.7237 DEBUG Starting host: rabbitmq://localhost/
2023-12-06 08:44:15.7695 DEBUG Connect: guest@localhost:5672/
2023-12-06 08:44:16.4311 DEBUG Loaded hosting startup assembly FundooNoteApplication
2023-12-06 08:44:16.4311 DEBUG Loaded hosting startup assembly Microsoft.AspNetCore.Watch.BrowserRefresh
2023-12-06 08:44:16.4311 DEBUG Loaded hosting startup assembly Microsoft.WebTools.BrowserLink.Net
2023-12-06 08:44:16.4311 INFO Application started. Press Ctrl+C to shut down.
2023-12-06 08:44:16.4311 INFO Hosting environment: Development
2023-12-06 08:44:16.4311 INFO Content root path: C:\Users\anany\source\repos\FundooNoteApplication\FundooNoteApplication
2023-12-06 08:44:16.4311 DEBUG Hosting started
2023-12-06 08:44:16.4447 DEBUG Connection ID "18230571296696041481" disconnecting.
2023-12-06 08:44:16.4663 INFO Request starting HTTP/2.0 GET https://localhost:44352/Swagger  
2023-12-06 08:44:18.9244 DEBUG Wildcard detected, all requests with hosts will be allowed.
2023-12-06 08:44:18.9686 DEBUG AuthenticationScheme: Bearer was not authenticated.
2023-12-06 08:44:18.9913 INFO Request finished in 2527.9308ms 0 
2023-12-06 08:44:22.7688 DEBUG Connected: guest@localhost:5672/ (address: amqp://localhost:5672, local: 60074)
2023-12-06 14:44:20.9046 INFO Application started...
2023-12-06 14:44:22.0605 DEBUG Hosting starting
2023-12-06 14:44:22.1015 INFO User profile is available. Using 'C:\Users\anany\AppData\Local\ASP.NET\DataProtection-Keys' as key repository and Windows DPAPI to encrypt keys at rest.
2023-12-06 14:44:22.5546 DEBUG Reading data from file 'C:\Users\anany\AppData\Local\ASP.NET\DataProtection-Keys\key-eed368dc-f21a-4e31-a063-6b7be4e0c050.xml'.
2023-12-06 14:44:22.5789 DEBUG Found key {eed368dc-f21a-4e31-a063-6b7be4e0c050}.
2023-12-06 14:44:22.5916 DEBUG Considering key {eed368dc-f21a-4e31-a063-6b7be4e0c050} with expiration date 2024-01-31 05:59:39Z as default key.
2023-12-06 14:44:22.6158 DEBUG Forwarded activator type request from Microsoft.AspNetCore.DataProtection.XmlEncryption.DpapiXmlDecryptor, Microsoft.AspNetCore.DataProtection, Version=3.1.32.0, Culture=neutral, PublicKeyToken=adb9793829ddae60 to Microsoft.AspNetCore.DataProtection.XmlEncryption.DpapiXmlDecryptor, Microsoft.AspNetCore.DataProtection, Culture=neutral, PublicKeyToken=adb9793829ddae60
2023-12-06 14:44:22.6158 DEBUG Decrypting secret element using Windows DPAPI.
2023-12-06 14:44:22.6158 DEBUG Forwarded activator type request from Microsoft.AspNetCore.DataProtection.AuthenticatedEncryption.ConfigurationModel.AuthenticatedEncryptorDescriptorDeserializer, Microsoft.AspNetCore.DataProtection, Version=3.1.32.0, Culture=neutral, PublicKeyToken=adb9793829ddae60 to Microsoft.AspNetCore.DataProtection.AuthenticatedEncryption.ConfigurationModel.AuthenticatedEncryptorDescriptorDeserializer, Microsoft.AspNetCore.DataProtection, Culture=neutral, PublicKeyToken=adb9793829ddae60
2023-12-06 14:44:22.6158 DEBUG Opening CNG algorithm 'AES' from provider '(null)' with chaining mode CBC.
2023-12-06 14:44:22.6158 DEBUG Opening CNG algorithm 'SHA256' from provider '(null)' with HMAC.
2023-12-06 14:44:22.6158 DEBUG Using key {eed368dc-f21a-4e31-a063-6b7be4e0c050} as the default key.
2023-12-06 14:44:22.6158 DEBUG Key ring with default key {eed368dc-f21a-4e31-a063-6b7be4e0c050} was loaded during application startup.
2023-12-06 14:44:22.6314 DEBUG Starting host: rabbitmq://localhost/
2023-12-06 14:44:22.6622 DEBUG Connect: guest@localhost:5672/
2023-12-06 14:44:22.8401 DEBUG Connected: guest@localhost:5672/ (address: amqp://localhost:5672, local: 61119)
2023-12-06 14:44:22.9528 DEBUG Loaded hosting startup assembly FundooNoteApplication
2023-12-06 14:44:22.9528 DEBUG Loaded hosting startup assembly Microsoft.AspNetCore.Watch.BrowserRefresh
2023-12-06 14:44:22.9528 DEBUG Loaded hosting startup assembly Microsoft.WebTools.BrowserLink.Net
2023-12-06 14:44:22.9528 INFO Application started. Press Ctrl+C to shut down.
2023-12-06 14:44:22.9528 INFO Hosting environment: Development
2023-12-06 14:44:22.9528 INFO Content root path: C:\Users\anany\source\repos\FundooNoteApplication\FundooNoteApplication
2023-12-06 14:44:22.9528 DEBUG Hosting started
2023-12-06 14:44:22.9870 INFO Request starting HTTP/2.0 GET https://localhost:44352/Swagger  
2023-12-06 14:44:23.0114 DEBUG Wildcard detected, all requests with hosts will be allowed.
2023-12-06 14:44:23.0498 DEBUG AuthenticationScheme: Bearer was not authenticated.
2023-12-06 14:44:23.0819 DEBUG Connection ID "18086456130095022123" disconnecting.
2023-12-06 14:44:23.0849 INFO Request starting HTTP/2.0 GET https://localhost:44352/Swagger/index.html  
2023-12-06 14:44:23.0849 DEBUG AuthenticationScheme: Bearer was not authenticated.
2023-12-06 14:44:23.0849 INFO Request finished in 102.3226ms 301 
2023-12-06 14:44:23.1190 DEBUG Response markup is scheduled to include browser refresh script injection.
2023-12-06 14:44:23.2766 DEBUG Response markup was updated to include browser refresh script injection.
2023-12-06 14:44:23.2766 INFO Request finished in 193.9327ms 200 text/html;charset=utf-8
2023-12-06 14:44:23.2877 INFO Request starting HTTP/2.0 GET https://localhost:44352/Swagger/swagger-ui.css  
2023-12-06 14:44:23.2877 INFO Request starting HTTP/2.0 GET https://localhost:44352/Swagger/swagger-ui-bundle.js  
2023-12-06 14:44:23.2877 INFO Request starting HTTP/2.0 GET https://localhost:44352/Swagger/swagger-ui-standalone-preset.js  
2023-12-06 14:44:23.2877 DEBUG AuthenticationScheme: Bearer was not authenticated.
2023-12-06 14:44:23.2877 DEBUG AuthenticationScheme: Bearer was not authenticated.
2023-12-06 14:44:23.2877 DEBUG AuthenticationScheme: Bearer was not authenticated.
2023-12-06 14:44:23.2877 INFO Request starting HTTP/2.0 GET https://localhost:44352/_framework/aspnetcore-browser-refresh.js  
2023-12-06 14:44:23.2877 INFO Request finished in 4.1242ms 200 application/javascript; charset=utf-8
2023-12-06 14:44:23.3100 INFO Sending file. Request path: '/swagger-ui-standalone-preset.js'. Physical path: 'N/A'
2023-12-06 14:44:23.3100 INFO Sending file. Request path: '/swagger-ui.css'. Physical path: 'N/A'
2023-12-06 14:44:23.3100 INFO Request finished in 21.2294ms 200 application/javascript
2023-12-06 14:44:23.3100 INFO Request finished in 22.6011ms 200 text/css
2023-12-06 14:44:23.3100 INFO Request starting HTTP/2.0 GET https://localhost:44352/_vs/browserLink  
2023-12-06 14:44:23.3240 INFO Sending file. Request path: '/swagger-ui-bundle.js'. Physical path: 'N/A'
2023-12-06 14:44:23.3240 INFO Request finished in 36.3375ms 200 application/javascript
2023-12-06 14:44:23.4078 INFO Request finished in 88.9821ms 200 text/javascript; charset=UTF-8
2023-12-06 14:44:23.5582 INFO Request starting HTTP/2.0 GET https://localhost:44352/swagger/v1/swagger.json  
2023-12-06 14:44:23.5582 DEBUG AuthenticationScheme: Bearer was not authenticated.
2023-12-06 14:44:23.5890 INFO Request starting HTTP/2.0 GET https://localhost:44352/Swagger/favicon-32x32.png  
2023-12-06 14:44:23.5890 DEBUG AuthenticationScheme: Bearer was not authenticated.
2023-12-06 14:44:23.5890 INFO Sending file. Request path: '/favicon-32x32.png'. Physical path: 'N/A'
2023-12-06 14:44:23.5890 INFO Request finished in 0.4706ms 200 image/png
2023-12-06 14:44:23.6682 INFO Request finished in 109.911ms 200 application/json;charset=utf-8
2023-12-06 14:44:44.5773 INFO Request starting HTTP/2.0 GET https://localhost:44352/api/User/Get-all-ussers  
2023-12-06 14:44:44.5773 DEBUG AuthenticationScheme: Bearer was not authenticated.
2023-12-06 14:44:44.5773 DEBUG The request path  does not match the path filter
2023-12-06 14:44:44.6200 DEBUG 1 candidate(s) found for the request path '/api/User/Get-all-ussers'
2023-12-06 14:44:44.6200 DEBUG Endpoint 'FundooNoteApplication.Controllers.UserController.GetAllUsers (FundooNoteApplication)' with route pattern 'api/User/Get-all-ussers' is valid for the request path '/api/User/Get-all-ussers'
2023-12-06 14:44:44.6200 DEBUG Request matched endpoint 'FundooNoteApplication.Controllers.UserController.GetAllUsers (FundooNoteApplication)'
2023-12-06 14:44:44.6200 INFO Executing endpoint 'FundooNoteApplication.Controllers.UserController.GetAllUsers (FundooNoteApplication)'
2023-12-06 14:44:44.6342 DEBUG Registered model binder providers, in the following order: Microsoft.AspNetCore.Mvc.ModelBinding.Binders.BinderTypeModelBinderProvider, Microsoft.AspNetCore.Mvc.ModelBinding.Binders.ServicesModelBinderProvider, Microsoft.AspNetCore.Mvc.ModelBinding.Binders.BodyModelBinderProvider, Microsoft.AspNetCore.Mvc.ModelBinding.Binders.HeaderModelBinderProvider, Microsoft.AspNetCore.Mvc.ModelBinding.Binders.FloatingPointTypeModelBinderProvider, Microsoft.AspNetCore.Mvc.ModelBinding.Binders.EnumTypeModelBinderProvider, Microsoft.AspNetCore.Mvc.ModelBinding.Binders.SimpleTypeModelBinderProvider, Microsoft.AspNetCore.Mvc.ModelBinding.Binders.CancellationTokenModelBinderProvider, Microsoft.AspNetCore.Mvc.ModelBinding.Binders.ByteArrayModelBinderProvider, Microsoft.AspNetCore.Mvc.ModelBinding.Binders.FormFileModelBinderProvider, Microsoft.AspNetCore.Mvc.ModelBinding.Binders.FormCollectionModelBinderProvider, Microsoft.AspNetCore.Mvc.ModelBinding.Binders.KeyValuePairModelBinderProvider, Microsoft.AspNetCore.Mvc.ModelBinding.Binders.DictionaryModelBinderProvider, Microsoft.AspNetCore.Mvc.ModelBinding.Binders.ArrayModelBinderProvider, Microsoft.AspNetCore.Mvc.ModelBinding.Binders.CollectionModelBinderProvider, Microsoft.AspNetCore.Mvc.ModelBinding.Binders.ComplexTypeModelBinderProvider
2023-12-06 14:44:44.6535 INFO Route matched with {action = "GetAllUsers", controller = "User"}. Executing controller action with signature Microsoft.AspNetCore.Mvc.IActionResult GetAllUsers() on controller FundooNoteApplication.Controllers.UserController (FundooNoteApplication).
2023-12-06 14:44:44.6535 DEBUG Execution plan of authorization filters (in the following order): None
2023-12-06 14:44:44.6535 DEBUG Execution plan of resource filters (in the following order): None
2023-12-06 14:44:44.6535 DEBUG Execution plan of action filters (in the following order): Microsoft.AspNetCore.Mvc.ModelBinding.UnsupportedContentTypeFilter (Order: -3000), Microsoft.AspNetCore.Mvc.Infrastructure.ModelStateInvalidFilter (Order: -2000)
2023-12-06 14:44:44.6535 DEBUG Execution plan of exception filters (in the following order): None
2023-12-06 14:44:44.6535 DEBUG Execution plan of result filters (in the following order): Microsoft.AspNetCore.Mvc.Infrastructure.ClientErrorResultFilter (Order: -2000)
2023-12-06 14:44:44.6535 DEBUG Executing controller factory for controller FundooNoteApplication.Controllers.UserController (FundooNoteApplication)
2023-12-06 14:44:44.7631 DEBUG An 'IServiceProvider' was created for internal use by Entity Framework.
2023-12-06 14:44:44.7965 DEBUG Executed controller factory for controller FundooNoteApplication.Controllers.UserController (FundooNoteApplication)
2023-12-06 14:44:45.7702 INFO Entity Framework Core 3.1.0 initialized 'FundooContext' using provider 'Microsoft.EntityFrameworkCore.SqlServer' with options: None
2023-12-06 14:44:45.9967 DEBUG queryContext => new QueryingEnumerable<UserEntity>(
    (RelationalQueryContext)queryContext, 
    RelationalCommandCache, 
    null, 
    null, 
    Func<QueryContext, DbDataReader, ResultContext, int[], ResultCoordinator, UserEntity>, 
    RepositoryLayer.Context.FundooContext, 
    DiagnosticsLogger<Query>
)
2023-12-06 14:44:46.0343 DEBUG Creating DbCommand for 'ExecuteReader'.
2023-12-06 14:44:46.2644 DEBUG Created DbCommand for 'ExecuteReader' (225ms).
2023-12-06 14:44:46.2698 DEBUG Opening connection to database 'Fundoo' on server 'tcp:sqlfundooserver.database.windows.net,1433'.
2023-12-06 14:44:48.6202 ERROR An error occurred using the connection to database 'Fundoo' on server 'tcp:sqlfundooserver.database.windows.net,1433'.
2023-12-06 14:44:48.7038 ERROR An exception occurred while iterating over the results of a query for context type 'RepositoryLayer.Context.FundooContext'.
Microsoft.Data.SqlClient.SqlException (0x80131904): Cannot open server 'sqlfundooserver' requested by the login. Client with IP address '103.122.61.55' is not allowed to access the server.  To enable access, use the Azure Management Portal or run sp_set_firewall_rule on the master database to create a firewall rule for this IP address or address range.  It may take up to five minutes for this change to take effect.
   at Microsoft.Data.ProviderBase.DbConnectionPool.CheckPoolBlockingPeriod(Exception e)
   at Microsoft.Data.ProviderBase.DbConnectionPool.CreateObject(DbConnection owningObject, DbConnectionOptions userOptions, DbConnectionInternal oldConnection)
   at Microsoft.Data.ProviderBase.DbConnectionPool.UserCreateRequest(DbConnection owningObject, DbConnectionOptions userOptions, DbConnectionInternal oldConnection)
   at Microsoft.Data.ProviderBase.DbConnectionPool.TryGetConnection(DbConnection owningObject, UInt32 waitForMultipleObjectsTimeout, Boolean allowCreate, Boolean onlyOneCheckConnection, DbConnectionOptions userOptions, DbConnectionInternal& connection)
   at Microsoft.Data.ProviderBase.DbConnectionPool.TryGetConnection(DbConnection owningObject, TaskCompletionSource`1 retry, DbConnectionOptions userOptions, DbConnectionInternal& connection)
   at Microsoft.Data.ProviderBase.DbConnectionFactory.TryGetConnection(DbConnection owningConnection, TaskCompletionSource`1 retry, DbConnectionOptions userOptions, DbConnectionInternal oldConnection, DbConnectionInternal& connection)
   at Microsoft.Data.ProviderBase.DbConnectionInternal.TryOpenConnectionInternal(DbConnection outerConnection, DbConnectionFactory connectionFactory, TaskCompletionSource`1 retry, DbConnectionOptions userOptions)
   at Microsoft.Data.ProviderBase.DbConnectionClosed.TryOpenConnection(DbConnection outerConnection, DbConnectionFactory connectionFactory, TaskCompletionSource`1 retry, DbConnectionOptions userOptions)
   at Microsoft.Data.SqlClient.SqlConnection.TryOpen(TaskCompletionSource`1 retry)
   at Microsoft.Data.SqlClient.SqlConnection.Open()
   at Microsoft.EntityFrameworkCore.Storage.RelationalConnection.OpenDbConnection(Boolean errorsExpected)
   at Microsoft.EntityFrameworkCore.Storage.RelationalConnection.Open(Boolean errorsExpected)
   at Microsoft.EntityFrameworkCore.Storage.RelationalCommand.ExecuteReader(RelationalCommandParameterObject parameterObject)
   at Microsoft.EntityFrameworkCore.Query.Internal.QueryingEnumerable`1.Enumerator.InitializeReader(DbContext _, Boolean result)
   at Microsoft.EntityFrameworkCore.SqlServer.Storage.Internal.SqlServerExecutionStrategy.Execute[TState,TResult](TState state, Func`3 operation, Func`3 verifySucceeded)
   at Microsoft.EntityFrameworkCore.Query.Internal.QueryingEnumerable`1.Enumerator.MoveNext()
ClientConnectionId:471217fc-5da2-4f9e-92b9-5180db2df9f4
Error Number:40615,State:1,Class:14
2023-12-06 14:44:48.7038 DEBUG List of registered output formatters, in the following order: Microsoft.AspNetCore.Mvc.Formatters.HttpNoContentOutputFormatter, Microsoft.AspNetCore.Mvc.Formatters.StringOutputFormatter, Microsoft.AspNetCore.Mvc.Formatters.StreamOutputFormatter, Microsoft.AspNetCore.Mvc.Formatters.SystemTextJsonOutputFormatter
2023-12-06 14:44:48.7107 DEBUG No information found on request to perform content negotiation.
2023-12-06 14:44:48.7107 DEBUG Attempting to select an output formatter without using a content type as no explicit content types were specified for the response.
2023-12-06 14:44:48.7107 DEBUG Attempting to select the first formatter in the output formatters list which can write the result.
2023-12-06 14:44:48.7107 DEBUG Selected output formatter 'Microsoft.AspNetCore.Mvc.Formatters.SystemTextJsonOutputFormatter' and content type 'application/json' to write the response.
2023-12-06 14:44:48.7107 INFO Executing ObjectResult, writing value of type '<>f__AnonymousType1`2[[System.Boolean, System.Private.CoreLib, Version=4.0.0.0, Culture=neutral, PublicKeyToken=7cec85d7bea7798e],[System.String, System.Private.CoreLib, Version=4.0.0.0, Culture=neutral, PublicKeyToken=7cec85d7bea7798e]]'.
2023-12-06 14:44:48.7107 INFO Executed action FundooNoteApplication.Controllers.UserController.GetAllUsers (FundooNoteApplication) in 4064.213ms
2023-12-06 14:44:48.7107 INFO Executed endpoint 'FundooNoteApplication.Controllers.UserController.GetAllUsers (FundooNoteApplication)'
2023-12-06 14:44:58.5016 ERROR Error closing the session.
2023-12-06 14:44:58.5016 DEBUG 'FundooContext' disposed.
2023-12-06 14:44:58.5135 INFO Request finished in 13936.3104ms 400 application/json; charset=utf-8
