2023-12-15 07:05:48.2896 INFO Application started...
2023-12-15 07:05:51.4179 DEBUG Hosting starting
2023-12-15 07:05:51.4814 INFO User profile is available. Using 'C:\Users\anany\AppData\Local\ASP.NET\DataProtection-Keys' as key repository and Windows DPAPI to encrypt keys at rest.
2023-12-15 07:05:52.6708 DEBUG Reading data from file 'C:\Users\anany\AppData\Local\ASP.NET\DataProtection-Keys\key-eed368dc-f21a-4e31-a063-6b7be4e0c050.xml'.
2023-12-15 07:05:52.7294 DEBUG Found key {eed368dc-f21a-4e31-a063-6b7be4e0c050}.
2023-12-15 07:05:52.7294 DEBUG Considering key {eed368dc-f21a-4e31-a063-6b7be4e0c050} with expiration date 2024-01-31 05:59:39Z as default key.
2023-12-15 07:05:52.7872 DEBUG Forwarded activator type request from Microsoft.AspNetCore.DataProtection.XmlEncryption.DpapiXmlDecryptor, Microsoft.AspNetCore.DataProtection, Version=3.1.32.0, Culture=neutral, PublicKeyToken=adb9793829ddae60 to Microsoft.AspNetCore.DataProtection.XmlEncryption.DpapiXmlDecryptor, Microsoft.AspNetCore.DataProtection, Culture=neutral, PublicKeyToken=adb9793829ddae60
2023-12-15 07:05:52.7872 DEBUG Decrypting secret element using Windows DPAPI.
2023-12-15 07:05:52.7923 DEBUG Forwarded activator type request from Microsoft.AspNetCore.DataProtection.AuthenticatedEncryption.ConfigurationModel.AuthenticatedEncryptorDescriptorDeserializer, Microsoft.AspNetCore.DataProtection, Version=3.1.32.0, Culture=neutral, PublicKeyToken=adb9793829ddae60 to Microsoft.AspNetCore.DataProtection.AuthenticatedEncryption.ConfigurationModel.AuthenticatedEncryptorDescriptorDeserializer, Microsoft.AspNetCore.DataProtection, Culture=neutral, PublicKeyToken=adb9793829ddae60
2023-12-15 07:05:52.7923 DEBUG Opening CNG algorithm 'AES' from provider '(null)' with chaining mode CBC.
2023-12-15 07:05:52.7923 DEBUG Opening CNG algorithm 'SHA256' from provider '(null)' with HMAC.
2023-12-15 07:05:52.8090 DEBUG Using key {eed368dc-f21a-4e31-a063-6b7be4e0c050} as the default key.
2023-12-15 07:05:52.8090 DEBUG Key ring with default key {eed368dc-f21a-4e31-a063-6b7be4e0c050} was loaded during application startup.
2023-12-15 07:05:52.8090 DEBUG Starting host: rabbitmq://localhost/
2023-12-15 07:05:52.8694 DEBUG Connect: guest@localhost:5672/
2023-12-15 07:05:53.3671 DEBUG Loaded hosting startup assembly FundooNoteApplication
2023-12-15 07:05:53.3671 DEBUG Loaded hosting startup assembly Microsoft.AspNetCore.Watch.BrowserRefresh
2023-12-15 07:05:53.3671 DEBUG Loaded hosting startup assembly Microsoft.WebTools.BrowserLink.Net
2023-12-15 07:05:53.3671 INFO Application started. Press Ctrl+C to shut down.
2023-12-15 07:05:53.3671 INFO Hosting environment: Development
2023-12-15 07:05:53.3671 INFO Content root path: C:\Users\anany\source\repos\FundooNoteApplication\FundooNoteApplication
2023-12-15 07:05:53.3671 DEBUG Hosting started
2023-12-15 07:05:53.4091 INFO Request starting HTTP/2.0 GET https://localhost:44352/Swagger/index.html  
2023-12-15 07:05:54.5895 DEBUG Wildcard detected, all requests with hosts will be allowed.
2023-12-15 07:05:54.6498 DEBUG AuthenticationScheme: Bearer was not authenticated.
2023-12-15 07:05:54.7198 DEBUG Response markup is scheduled to include browser refresh script injection.
2023-12-15 07:05:54.8292 DEBUG Connected: guest@localhost:5672/ (address: amqp://localhost:5672, local: 60260)
2023-12-15 07:05:56.8328 DEBUG Response markup was updated to include browser refresh script injection.
2023-12-15 07:05:56.8328 INFO Request finished in 3432.2636ms 200 text/html;charset=utf-8
2023-12-15 07:05:56.8942 INFO Request starting HTTP/2.0 GET https://localhost:44352/_framework/aspnetcore-browser-refresh.js  
2023-12-15 07:05:56.8942 INFO Request finished in 4.8149ms 200 application/javascript; charset=utf-8
2023-12-15 07:05:57.0345 INFO Request starting HTTP/2.0 GET https://localhost:44352/swagger/v1/swagger.json  
2023-12-15 07:05:57.0345 DEBUG AuthenticationScheme: Bearer was not authenticated.
2023-12-15 07:05:57.2394 INFO Request finished in 205.1005ms 200 application/json;charset=utf-8
2023-12-15 07:06:11.7447 INFO Request starting HTTP/2.0 POST https://localhost:44352/api/User/Forget-Password?Email=ana%40gmail.com  0
2023-12-15 07:06:11.7516 DEBUG AuthenticationScheme: Bearer was not authenticated.
2023-12-15 07:06:11.7516 DEBUG POST requests are not supported
2023-12-15 07:06:11.7913 DEBUG 1 candidate(s) found for the request path '/api/User/Forget-Password'
2023-12-15 07:06:11.7957 DEBUG Endpoint 'FundooNoteApplication.Controllers.UserController.ForgetPassword (FundooNoteApplication)' with route pattern 'api/User/Forget-Password' is valid for the request path '/api/User/Forget-Password'
2023-12-15 07:06:11.7957 DEBUG Request matched endpoint 'FundooNoteApplication.Controllers.UserController.ForgetPassword (FundooNoteApplication)'
2023-12-15 07:06:11.7957 INFO Executing endpoint 'FundooNoteApplication.Controllers.UserController.ForgetPassword (FundooNoteApplication)'
2023-12-15 07:06:11.8123 DEBUG Registered model binder providers, in the following order: Microsoft.AspNetCore.Mvc.ModelBinding.Binders.BinderTypeModelBinderProvider, Microsoft.AspNetCore.Mvc.ModelBinding.Binders.ServicesModelBinderProvider, Microsoft.AspNetCore.Mvc.ModelBinding.Binders.BodyModelBinderProvider, Microsoft.AspNetCore.Mvc.ModelBinding.Binders.HeaderModelBinderProvider, Microsoft.AspNetCore.Mvc.ModelBinding.Binders.FloatingPointTypeModelBinderProvider, Microsoft.AspNetCore.Mvc.ModelBinding.Binders.EnumTypeModelBinderProvider, Microsoft.AspNetCore.Mvc.ModelBinding.Binders.SimpleTypeModelBinderProvider, Microsoft.AspNetCore.Mvc.ModelBinding.Binders.CancellationTokenModelBinderProvider, Microsoft.AspNetCore.Mvc.ModelBinding.Binders.ByteArrayModelBinderProvider, Microsoft.AspNetCore.Mvc.ModelBinding.Binders.FormFileModelBinderProvider, Microsoft.AspNetCore.Mvc.ModelBinding.Binders.FormCollectionModelBinderProvider, Microsoft.AspNetCore.Mvc.ModelBinding.Binders.KeyValuePairModelBinderProvider, Microsoft.AspNetCore.Mvc.ModelBinding.Binders.DictionaryModelBinderProvider, Microsoft.AspNetCore.Mvc.ModelBinding.Binders.ArrayModelBinderProvider, Microsoft.AspNetCore.Mvc.ModelBinding.Binders.CollectionModelBinderProvider, Microsoft.AspNetCore.Mvc.ModelBinding.Binders.ComplexTypeModelBinderProvider
2023-12-15 07:06:11.8673 INFO Route matched with {action = "ForgetPassword", controller = "User"}. Executing controller action with signature Microsoft.AspNetCore.Mvc.IActionResult ForgetPassword(System.String) on controller FundooNoteApplication.Controllers.UserController (FundooNoteApplication).
2023-12-15 07:06:11.8673 DEBUG Execution plan of authorization filters (in the following order): None
2023-12-15 07:06:11.8673 DEBUG Execution plan of resource filters (in the following order): None
2023-12-15 07:06:11.8673 DEBUG Execution plan of action filters (in the following order): Microsoft.AspNetCore.Mvc.ModelBinding.UnsupportedContentTypeFilter (Order: -3000), Microsoft.AspNetCore.Mvc.Infrastructure.ModelStateInvalidFilter (Order: -2000)
2023-12-15 07:06:11.8673 DEBUG Execution plan of exception filters (in the following order): None
2023-12-15 07:06:11.8673 DEBUG Execution plan of result filters (in the following order): Microsoft.AspNetCore.Mvc.Infrastructure.ClientErrorResultFilter (Order: -2000)
2023-12-15 07:06:11.8673 DEBUG Executing controller factory for controller FundooNoteApplication.Controllers.UserController (FundooNoteApplication)
2023-12-15 07:06:12.0293 DEBUG An 'IServiceProvider' was created for internal use by Entity Framework.
2023-12-15 07:06:12.0660 DEBUG Executed controller factory for controller FundooNoteApplication.Controllers.UserController (FundooNoteApplication)
2023-12-15 07:06:12.0791 DEBUG Attempting to bind parameter 'Email' of type 'System.String' ...
2023-12-15 07:06:12.0791 DEBUG Attempting to bind parameter 'Email' of type 'System.String' using the name 'Email' in request data ...
2023-12-15 07:06:12.0791 DEBUG Done attempting to bind parameter 'Email' of type 'System.String'.
2023-12-15 07:06:12.0791 DEBUG Done attempting to bind parameter 'Email' of type 'System.String'.
2023-12-15 07:06:12.0791 DEBUG Attempting to validate the bound parameter 'Email' of type 'System.String' ...
2023-12-15 07:06:12.0791 DEBUG Done attempting to validate the bound parameter 'Email' of type 'System.String'.
2023-12-15 07:06:13.6573 INFO Entity Framework Core 3.1.0 initialized 'FundooContext' using provider 'Microsoft.EntityFrameworkCore.SqlServer' with options: None
2023-12-15 07:06:14.1245 DEBUG queryContext => new QueryingEnumerable<UserEntity>(
    (RelationalQueryContext)queryContext, 
    RelationalCommandCache, 
    null, 
    null, 
    Func<QueryContext, DbDataReader, ResultContext, int[], ResultCoordinator, UserEntity>, 
    RepositoryLayer.Context.FundooContext, 
    DiagnosticsLogger<Query>
)
    .SingleOrDefault()
2023-12-15 07:06:14.1805 DEBUG Creating DbCommand for 'ExecuteReader'.
2023-12-15 07:06:14.3879 DEBUG Created DbCommand for 'ExecuteReader' (204ms).
2023-12-15 07:06:14.4040 DEBUG Opening connection to database 'Fundoo' on server 'tcp:sqlfundooserver.database.windows.net,1433'.
2023-12-15 07:06:15.9596 ERROR An error occurred using the connection to database 'Fundoo' on server 'tcp:sqlfundooserver.database.windows.net,1433'.
2023-12-15 07:06:16.0242 ERROR An exception occurred while iterating over the results of a query for context type 'RepositoryLayer.Context.FundooContext'.
Microsoft.Data.SqlClient.SqlException (0x80131904): Cannot open server 'sqlfundooserver' requested by the login. Client with IP address '103.122.61.10' is not allowed to access the server.  To enable access, use the Azure Management Portal or run sp_set_firewall_rule on the master database to create a firewall rule for this IP address or address range.  It may take up to five minutes for this change to take effect.
   at Microsoft.Data.ProviderBase.DbConnectionPool.CheckPoolBlockingPeriod(Exception e)
   at Microsoft.Data.ProviderBase.DbConnectionPool.CreateObject(DbConnection owningObject, DbConnectionOptions userOptions, DbConnectionInternal oldConnection)
   at Microsoft.Data.ProviderBase.DbConnectionPool.UserCreateRequest(DbConnection owningObject, DbConnectionOptions userOptions, DbConnectionInternal oldConnection)
   at Microsoft.Data.ProviderBase.DbConnectionPool.TryGetConnection(DbConnection owningObject, UInt32 waitForMultipleObjectsTimeout, Boolean allowCreate, Boolean onlyOneCheckConnection, DbConnectionOptions userOptions, DbConnectionInternal& connection)
   at Microsoft.Data.ProviderBase.DbConnectionPool.TryGetConnection(DbConnection owningObject, TaskCompletionSource`1 retry, DbConnectionOptions userOptions, DbConnectionInternal& connection)
   at Microsoft.Data.ProviderBase.DbConnectionFactory.TryGetConnection(DbConnection owningConnection, TaskCompletionSource`1 retry, DbConnectionOptions userOptions, DbConnectionInternal oldConnection, DbConnectionInternal& connection)
   at Microsoft.Data.ProviderBase.DbConnectionInternal.TryOpenConnectionInternal(DbConnection outerConnection, DbConnectionFactory connectionFactory, TaskCompletionSource`1 retry, DbConnectionOptions userOptions)
   at Microsoft.Data.ProviderBase.DbConnectionClosed.TryOpenConnection(DbConnection outerConnection, DbConnectionFactory connectionFactory, TaskCompletionSource`1 retry, DbConnectionOptions userOptions)
   at Microsoft.Data.SqlClient.SqlConnection.TryOpen(TaskCompletionSource`1 retry)
   at Microsoft.Data.SqlClient.SqlConnection.Open()
   at Microsoft.EntityFrameworkCore.Storage.RelationalConnection.OpenDbConnection(Boolean errorsExpected)
   at Microsoft.EntityFrameworkCore.Storage.RelationalConnection.Open(Boolean errorsExpected)
   at Microsoft.EntityFrameworkCore.Storage.RelationalCommand.ExecuteReader(RelationalCommandParameterObject parameterObject)
   at Microsoft.EntityFrameworkCore.Query.Internal.QueryingEnumerable`1.Enumerator.InitializeReader(DbContext _, Boolean result)
   at Microsoft.EntityFrameworkCore.SqlServer.Storage.Internal.SqlServerExecutionStrategy.Execute[TState,TResult](TState state, Func`3 operation, Func`3 verifySucceeded)
   at Microsoft.EntityFrameworkCore.Query.Internal.QueryingEnumerable`1.Enumerator.MoveNext()
ClientConnectionId:12b51865-9d8b-4dbe-abea-7650340e1c01
Error Number:40615,State:1,Class:14
2023-12-15 07:06:16.0297 DEBUG List of registered output formatters, in the following order: Microsoft.AspNetCore.Mvc.Formatters.HttpNoContentOutputFormatter, Microsoft.AspNetCore.Mvc.Formatters.StringOutputFormatter, Microsoft.AspNetCore.Mvc.Formatters.StreamOutputFormatter, Microsoft.AspNetCore.Mvc.Formatters.SystemTextJsonOutputFormatter
2023-12-15 07:06:16.0297 DEBUG No information found on request to perform content negotiation.
2023-12-15 07:06:16.0297 DEBUG Attempting to select an output formatter without using a content type as no explicit content types were specified for the response.
2023-12-15 07:06:16.0297 DEBUG Attempting to select the first formatter in the output formatters list which can write the result.
2023-12-15 07:06:16.0297 DEBUG Selected output formatter 'Microsoft.AspNetCore.Mvc.Formatters.SystemTextJsonOutputFormatter' and content type 'application/json' to write the response.
2023-12-15 07:06:16.0297 INFO Executing ObjectResult, writing value of type '<>f__AnonymousType1`2[[System.Boolean, System.Private.CoreLib, Version=4.0.0.0, Culture=neutral, PublicKeyToken=7cec85d7bea7798e],[System.String, System.Private.CoreLib, Version=4.0.0.0, Culture=neutral, PublicKeyToken=7cec85d7bea7798e]]'.
2023-12-15 07:06:16.0530 INFO Executed action FundooNoteApplication.Controllers.UserController.ForgetPassword (FundooNoteApplication) in 4173.4222ms
2023-12-15 07:06:16.0530 INFO Executed endpoint 'FundooNoteApplication.Controllers.UserController.ForgetPassword (FundooNoteApplication)'
2023-12-15 07:06:25.8914 ERROR Error closing the session.
2023-12-15 07:06:25.8914 DEBUG 'FundooContext' disposed.
2023-12-15 07:06:25.9078 INFO Request finished in 14164.8972ms 400 application/json; charset=utf-8
2023-12-15 07:09:11.6464 INFO Application started...
2023-12-15 07:09:16.9909 DEBUG Hosting starting
2023-12-15 07:09:17.1428 INFO User profile is available. Using 'C:\Users\anany\AppData\Local\ASP.NET\DataProtection-Keys' as key repository and Windows DPAPI to encrypt keys at rest.
2023-12-15 07:09:17.8435 DEBUG Reading data from file 'C:\Users\anany\AppData\Local\ASP.NET\DataProtection-Keys\key-eed368dc-f21a-4e31-a063-6b7be4e0c050.xml'.
2023-12-15 07:09:17.8708 DEBUG Found key {eed368dc-f21a-4e31-a063-6b7be4e0c050}.
2023-12-15 07:09:17.9021 DEBUG Considering key {eed368dc-f21a-4e31-a063-6b7be4e0c050} with expiration date 2024-01-31 05:59:39Z as default key.
2023-12-15 07:09:18.0586 DEBUG Forwarded activator type request from Microsoft.AspNetCore.DataProtection.XmlEncryption.DpapiXmlDecryptor, Microsoft.AspNetCore.DataProtection, Version=3.1.32.0, Culture=neutral, PublicKeyToken=adb9793829ddae60 to Microsoft.AspNetCore.DataProtection.XmlEncryption.DpapiXmlDecryptor, Microsoft.AspNetCore.DataProtection, Culture=neutral, PublicKeyToken=adb9793829ddae60
2023-12-15 07:09:18.0840 DEBUG Decrypting secret element using Windows DPAPI.
2023-12-15 07:09:18.0840 DEBUG Forwarded activator type request from Microsoft.AspNetCore.DataProtection.AuthenticatedEncryption.ConfigurationModel.AuthenticatedEncryptorDescriptorDeserializer, Microsoft.AspNetCore.DataProtection, Version=3.1.32.0, Culture=neutral, PublicKeyToken=adb9793829ddae60 to Microsoft.AspNetCore.DataProtection.AuthenticatedEncryption.ConfigurationModel.AuthenticatedEncryptorDescriptorDeserializer, Microsoft.AspNetCore.DataProtection, Culture=neutral, PublicKeyToken=adb9793829ddae60
2023-12-15 07:09:18.0960 DEBUG Opening CNG algorithm 'AES' from provider '(null)' with chaining mode CBC.
2023-12-15 07:09:18.0960 DEBUG Opening CNG algorithm 'SHA256' from provider '(null)' with HMAC.
2023-12-15 07:09:18.1103 DEBUG Using key {eed368dc-f21a-4e31-a063-6b7be4e0c050} as the default key.
2023-12-15 07:09:18.1103 DEBUG Key ring with default key {eed368dc-f21a-4e31-a063-6b7be4e0c050} was loaded during application startup.
2023-12-15 07:09:18.1234 DEBUG Starting host: rabbitmq://localhost/
2023-12-15 07:09:18.2705 DEBUG Connect: guest@localhost:5672/
2023-12-15 07:09:19.2322 DEBUG Connected: guest@localhost:5672/ (address: amqp://localhost:5672, local: 60539)
2023-12-15 07:09:19.5831 DEBUG Loaded hosting startup assembly FundooNoteApplication
2023-12-15 07:09:19.5831 DEBUG Loaded hosting startup assembly Microsoft.AspNetCore.Watch.BrowserRefresh
2023-12-15 07:09:19.5831 DEBUG Loaded hosting startup assembly Microsoft.WebTools.BrowserLink.Net
2023-12-15 07:09:19.5831 INFO Application started. Press Ctrl+C to shut down.
2023-12-15 07:09:19.5831 INFO Hosting environment: Development
2023-12-15 07:09:19.5831 INFO Content root path: C:\Users\anany\source\repos\FundooNoteApplication\FundooNoteApplication
2023-12-15 07:09:19.5831 DEBUG Hosting started
2023-12-15 07:09:19.6824 INFO Request starting HTTP/2.0 GET https://localhost:44352/Swagger  
2023-12-15 07:09:19.7432 DEBUG Wildcard detected, all requests with hosts will be allowed.
2023-12-15 07:09:19.9436 DEBUG AuthenticationScheme: Bearer was not authenticated.
2023-12-15 07:09:20.0468 DEBUG Connection ID "18374686510541701144" disconnecting.
2023-12-15 07:09:20.0468 INFO Request starting HTTP/2.0 GET https://localhost:44352/Swagger/index.html  
2023-12-15 07:09:20.0468 DEBUG AuthenticationScheme: Bearer was not authenticated.
2023-12-15 07:09:20.0468 INFO Request finished in 381.3157ms 301 
2023-12-15 07:09:20.1722 DEBUG Response markup is scheduled to include browser refresh script injection.
2023-12-15 07:09:20.5472 DEBUG Response markup was updated to include browser refresh script injection.
2023-12-15 07:09:20.5472 INFO Request starting HTTP/2.0 GET https://localhost:44352/Swagger/swagger-ui.css  
2023-12-15 07:09:20.5472 INFO Request starting HTTP/2.0 GET https://localhost:44352/Swagger/swagger-ui-bundle.js  
2023-12-15 07:09:20.5472 INFO Request starting HTTP/2.0 GET https://localhost:44352/_framework/aspnetcore-browser-refresh.js  
2023-12-15 07:09:20.5472 INFO Request starting HTTP/2.0 GET https://localhost:44352/Swagger/swagger-ui-standalone-preset.js  
2023-12-15 07:09:20.5472 INFO Request starting HTTP/2.0 GET https://localhost:44352/_vs/browserLink  
2023-12-15 07:09:20.5472 DEBUG AuthenticationScheme: Bearer was not authenticated.
2023-12-15 07:09:20.5472 DEBUG AuthenticationScheme: Bearer was not authenticated.
2023-12-15 07:09:20.5472 DEBUG AuthenticationScheme: Bearer was not authenticated.
2023-12-15 07:09:20.5472 INFO Request finished in 508.1396ms 200 text/html;charset=utf-8
2023-12-15 07:09:20.5584 INFO Request finished in 6.6976ms 200 application/javascript; charset=utf-8
2023-12-15 07:09:20.6019 INFO Sending file. Request path: '/swagger-ui.css'. Physical path: 'N/A'
2023-12-15 07:09:20.6019 INFO Sending file. Request path: '/swagger-ui-standalone-preset.js'. Physical path: 'N/A'
2023-12-15 07:09:20.6019 INFO Request finished in 51.8798ms 200 text/css
2023-12-15 07:09:20.6019 INFO Request finished in 50.4569ms 200 application/javascript
2023-12-15 07:09:20.6171 INFO Sending file. Request path: '/swagger-ui-bundle.js'. Physical path: 'N/A'
2023-12-15 07:09:20.6171 INFO Request finished in 67.2506ms 200 application/javascript
2023-12-15 07:09:20.8034 INFO Request finished in 251.7173ms 200 text/javascript; charset=UTF-8
2023-12-15 07:09:20.9681 INFO Request starting HTTP/2.0 GET https://localhost:44352/swagger/v1/swagger.json  
2023-12-15 07:09:20.9681 DEBUG AuthenticationScheme: Bearer was not authenticated.
2023-12-15 07:09:21.0257 INFO Request starting HTTP/2.0 GET https://localhost:44352/Swagger/favicon-32x32.png  
2023-12-15 07:09:21.0275 DEBUG AuthenticationScheme: Bearer was not authenticated.
2023-12-15 07:09:21.0275 INFO Sending file. Request path: '/favicon-32x32.png'. Physical path: 'N/A'
2023-12-15 07:09:21.0275 INFO Request finished in 5.1062ms 200 image/png
2023-12-15 07:09:21.2216 INFO Request finished in 253.9111ms 200 application/json;charset=utf-8
2023-12-15 07:09:38.9243 INFO Request starting HTTP/2.0 POST https://localhost:44352/api/User/Forget-Password?Email=ana%40gmail.com  0
2023-12-15 07:09:38.9243 DEBUG AuthenticationScheme: Bearer was not authenticated.
2023-12-15 07:09:38.9243 DEBUG POST requests are not supported
2023-12-15 07:09:39.0136 DEBUG 1 candidate(s) found for the request path '/api/User/Forget-Password'
2023-12-15 07:09:39.0136 DEBUG Endpoint 'FundooNoteApplication.Controllers.UserController.ForgetPassword (FundooNoteApplication)' with route pattern 'api/User/Forget-Password' is valid for the request path '/api/User/Forget-Password'
2023-12-15 07:09:39.0136 DEBUG Request matched endpoint 'FundooNoteApplication.Controllers.UserController.ForgetPassword (FundooNoteApplication)'
2023-12-15 07:09:39.0364 INFO Executing endpoint 'FundooNoteApplication.Controllers.UserController.ForgetPassword (FundooNoteApplication)'
2023-12-15 07:09:39.0538 DEBUG Registered model binder providers, in the following order: Microsoft.AspNetCore.Mvc.ModelBinding.Binders.BinderTypeModelBinderProvider, Microsoft.AspNetCore.Mvc.ModelBinding.Binders.ServicesModelBinderProvider, Microsoft.AspNetCore.Mvc.ModelBinding.Binders.BodyModelBinderProvider, Microsoft.AspNetCore.Mvc.ModelBinding.Binders.HeaderModelBinderProvider, Microsoft.AspNetCore.Mvc.ModelBinding.Binders.FloatingPointTypeModelBinderProvider, Microsoft.AspNetCore.Mvc.ModelBinding.Binders.EnumTypeModelBinderProvider, Microsoft.AspNetCore.Mvc.ModelBinding.Binders.SimpleTypeModelBinderProvider, Microsoft.AspNetCore.Mvc.ModelBinding.Binders.CancellationTokenModelBinderProvider, Microsoft.AspNetCore.Mvc.ModelBinding.Binders.ByteArrayModelBinderProvider, Microsoft.AspNetCore.Mvc.ModelBinding.Binders.FormFileModelBinderProvider, Microsoft.AspNetCore.Mvc.ModelBinding.Binders.FormCollectionModelBinderProvider, Microsoft.AspNetCore.Mvc.ModelBinding.Binders.KeyValuePairModelBinderProvider, Microsoft.AspNetCore.Mvc.ModelBinding.Binders.DictionaryModelBinderProvider, Microsoft.AspNetCore.Mvc.ModelBinding.Binders.ArrayModelBinderProvider, Microsoft.AspNetCore.Mvc.ModelBinding.Binders.CollectionModelBinderProvider, Microsoft.AspNetCore.Mvc.ModelBinding.Binders.ComplexTypeModelBinderProvider
2023-12-15 07:09:39.1317 INFO Route matched with {action = "ForgetPassword", controller = "User"}. Executing controller action with signature Microsoft.AspNetCore.Mvc.IActionResult ForgetPassword(System.String) on controller FundooNoteApplication.Controllers.UserController (FundooNoteApplication).
2023-12-15 07:09:39.1317 DEBUG Execution plan of authorization filters (in the following order): None
2023-12-15 07:09:39.1317 DEBUG Execution plan of resource filters (in the following order): None
2023-12-15 07:09:39.1317 DEBUG Execution plan of action filters (in the following order): Microsoft.AspNetCore.Mvc.ModelBinding.UnsupportedContentTypeFilter (Order: -3000), Microsoft.AspNetCore.Mvc.Infrastructure.ModelStateInvalidFilter (Order: -2000)
2023-12-15 07:09:39.1317 DEBUG Execution plan of exception filters (in the following order): None
2023-12-15 07:09:39.1317 DEBUG Execution plan of result filters (in the following order): Microsoft.AspNetCore.Mvc.Infrastructure.ClientErrorResultFilter (Order: -2000)
2023-12-15 07:09:39.1317 DEBUG Executing controller factory for controller FundooNoteApplication.Controllers.UserController (FundooNoteApplication)
2023-12-15 07:09:39.4399 DEBUG An 'IServiceProvider' was created for internal use by Entity Framework.
2023-12-15 07:09:39.4796 DEBUG Executed controller factory for controller FundooNoteApplication.Controllers.UserController (FundooNoteApplication)
2023-12-15 07:09:39.4894 DEBUG Attempting to bind parameter 'Email' of type 'System.String' ...
2023-12-15 07:09:39.4894 DEBUG Attempting to bind parameter 'Email' of type 'System.String' using the name 'Email' in request data ...
2023-12-15 07:09:39.4974 DEBUG Done attempting to bind parameter 'Email' of type 'System.String'.
2023-12-15 07:09:39.4974 DEBUG Done attempting to bind parameter 'Email' of type 'System.String'.
2023-12-15 07:09:39.4974 DEBUG Attempting to validate the bound parameter 'Email' of type 'System.String' ...
2023-12-15 07:09:39.4974 DEBUG Done attempting to validate the bound parameter 'Email' of type 'System.String'.
2023-12-15 07:09:54.7069 INFO Entity Framework Core 3.1.0 initialized 'FundooContext' using provider 'Microsoft.EntityFrameworkCore.SqlServer' with options: None
2023-12-15 07:09:54.9376 DEBUG queryContext => new QueryingEnumerable<UserEntity>(
    (RelationalQueryContext)queryContext, 
    RelationalCommandCache, 
    null, 
    null, 
    Func<QueryContext, DbDataReader, ResultContext, int[], ResultCoordinator, UserEntity>, 
    RepositoryLayer.Context.FundooContext, 
    DiagnosticsLogger<Query>
)
    .SingleOrDefault()
2023-12-15 07:09:54.9625 DEBUG Creating DbCommand for 'ExecuteReader'.
2023-12-15 07:09:55.2549 DEBUG Created DbCommand for 'ExecuteReader' (284ms).
2023-12-15 07:09:55.2747 DEBUG Opening connection to database 'Fundoo' on server 'tcp:sqlfundooserver.database.windows.net,1433'.
2023-12-15 07:09:57.0708 ERROR An error occurred using the connection to database 'Fundoo' on server 'tcp:sqlfundooserver.database.windows.net,1433'.
2023-12-15 07:09:57.2011 ERROR An exception occurred while iterating over the results of a query for context type 'RepositoryLayer.Context.FundooContext'.
Microsoft.Data.SqlClient.SqlException (0x80131904): Cannot open server 'sqlfundooserver' requested by the login. Client with IP address '103.122.61.10' is not allowed to access the server.  To enable access, use the Azure Management Portal or run sp_set_firewall_rule on the master database to create a firewall rule for this IP address or address range.  It may take up to five minutes for this change to take effect.
   at Microsoft.Data.ProviderBase.DbConnectionPool.CheckPoolBlockingPeriod(Exception e)
   at Microsoft.Data.ProviderBase.DbConnectionPool.CreateObject(DbConnection owningObject, DbConnectionOptions userOptions, DbConnectionInternal oldConnection)
   at Microsoft.Data.ProviderBase.DbConnectionPool.UserCreateRequest(DbConnection owningObject, DbConnectionOptions userOptions, DbConnectionInternal oldConnection)
   at Microsoft.Data.ProviderBase.DbConnectionPool.TryGetConnection(DbConnection owningObject, UInt32 waitForMultipleObjectsTimeout, Boolean allowCreate, Boolean onlyOneCheckConnection, DbConnectionOptions userOptions, DbConnectionInternal& connection)
   at Microsoft.Data.ProviderBase.DbConnectionPool.TryGetConnection(DbConnection owningObject, TaskCompletionSource`1 retry, DbConnectionOptions userOptions, DbConnectionInternal& connection)
   at Microsoft.Data.ProviderBase.DbConnectionFactory.TryGetConnection(DbConnection owningConnection, TaskCompletionSource`1 retry, DbConnectionOptions userOptions, DbConnectionInternal oldConnection, DbConnectionInternal& connection)
   at Microsoft.Data.ProviderBase.DbConnectionInternal.TryOpenConnectionInternal(DbConnection outerConnection, DbConnectionFactory connectionFactory, TaskCompletionSource`1 retry, DbConnectionOptions userOptions)
   at Microsoft.Data.ProviderBase.DbConnectionClosed.TryOpenConnection(DbConnection outerConnection, DbConnectionFactory connectionFactory, TaskCompletionSource`1 retry, DbConnectionOptions userOptions)
   at Microsoft.Data.SqlClient.SqlConnection.TryOpen(TaskCompletionSource`1 retry)
   at Microsoft.Data.SqlClient.SqlConnection.Open()
   at Microsoft.EntityFrameworkCore.Storage.RelationalConnection.OpenDbConnection(Boolean errorsExpected)
   at Microsoft.EntityFrameworkCore.Storage.RelationalConnection.Open(Boolean errorsExpected)
   at Microsoft.EntityFrameworkCore.Storage.RelationalCommand.ExecuteReader(RelationalCommandParameterObject parameterObject)
   at Microsoft.EntityFrameworkCore.Query.Internal.QueryingEnumerable`1.Enumerator.InitializeReader(DbContext _, Boolean result)
   at Microsoft.EntityFrameworkCore.SqlServer.Storage.Internal.SqlServerExecutionStrategy.Execute[TState,TResult](TState state, Func`3 operation, Func`3 verifySucceeded)
   at Microsoft.EntityFrameworkCore.Query.Internal.QueryingEnumerable`1.Enumerator.MoveNext()
ClientConnectionId:7a058345-4c98-4d4a-b1c8-8c9497a8fd00
Error Number:40615,State:1,Class:14
2023-12-15 07:13:33.9240 INFO Application started...
2023-12-15 07:13:36.2400 DEBUG Hosting starting
2023-12-15 07:13:36.3553 INFO User profile is available. Using 'C:\Users\anany\AppData\Local\ASP.NET\DataProtection-Keys' as key repository and Windows DPAPI to encrypt keys at rest.
2023-12-15 07:13:36.9241 DEBUG Reading data from file 'C:\Users\anany\AppData\Local\ASP.NET\DataProtection-Keys\key-eed368dc-f21a-4e31-a063-6b7be4e0c050.xml'.
2023-12-15 07:13:36.9529 DEBUG Found key {eed368dc-f21a-4e31-a063-6b7be4e0c050}.
2023-12-15 07:13:36.9797 DEBUG Considering key {eed368dc-f21a-4e31-a063-6b7be4e0c050} with expiration date 2024-01-31 05:59:39Z as default key.
2023-12-15 07:13:37.1018 DEBUG Forwarded activator type request from Microsoft.AspNetCore.DataProtection.XmlEncryption.DpapiXmlDecryptor, Microsoft.AspNetCore.DataProtection, Version=3.1.32.0, Culture=neutral, PublicKeyToken=adb9793829ddae60 to Microsoft.AspNetCore.DataProtection.XmlEncryption.DpapiXmlDecryptor, Microsoft.AspNetCore.DataProtection, Culture=neutral, PublicKeyToken=adb9793829ddae60
2023-12-15 07:13:37.1208 DEBUG Decrypting secret element using Windows DPAPI.
2023-12-15 07:13:37.1208 DEBUG Forwarded activator type request from Microsoft.AspNetCore.DataProtection.AuthenticatedEncryption.ConfigurationModel.AuthenticatedEncryptorDescriptorDeserializer, Microsoft.AspNetCore.DataProtection, Version=3.1.32.0, Culture=neutral, PublicKeyToken=adb9793829ddae60 to Microsoft.AspNetCore.DataProtection.AuthenticatedEncryption.ConfigurationModel.AuthenticatedEncryptorDescriptorDeserializer, Microsoft.AspNetCore.DataProtection, Culture=neutral, PublicKeyToken=adb9793829ddae60
2023-12-15 07:13:37.1208 DEBUG Opening CNG algorithm 'AES' from provider '(null)' with chaining mode CBC.
2023-12-15 07:13:37.1208 DEBUG Opening CNG algorithm 'SHA256' from provider '(null)' with HMAC.
2023-12-15 07:13:37.1418 DEBUG Using key {eed368dc-f21a-4e31-a063-6b7be4e0c050} as the default key.
2023-12-15 07:13:37.1418 DEBUG Key ring with default key {eed368dc-f21a-4e31-a063-6b7be4e0c050} was loaded during application startup.
2023-12-15 07:13:37.1418 DEBUG Starting host: rabbitmq://localhost/
2023-12-15 07:13:37.2674 DEBUG Connect: guest@localhost:5672/
2023-12-15 07:13:37.7169 DEBUG Connected: guest@localhost:5672/ (address: amqp://localhost:5672, local: 60856)
2023-12-15 07:13:38.0526 DEBUG Loaded hosting startup assembly FundooNoteApplication
2023-12-15 07:13:38.0526 DEBUG Loaded hosting startup assembly Microsoft.AspNetCore.Watch.BrowserRefresh
2023-12-15 07:13:38.0526 DEBUG Loaded hosting startup assembly Microsoft.WebTools.BrowserLink.Net
2023-12-15 07:13:38.0526 INFO Application started. Press Ctrl+C to shut down.
2023-12-15 07:13:38.0526 INFO Hosting environment: Development
2023-12-15 07:13:38.0526 INFO Content root path: C:\Users\anany\source\repos\FundooNoteApplication\FundooNoteApplication
2023-12-15 07:13:38.0526 DEBUG Hosting started
2023-12-15 07:13:38.1381 INFO Request starting HTTP/2.0 GET https://localhost:44352/Swagger/index.html  
2023-12-15 07:13:38.2138 DEBUG Wildcard detected, all requests with hosts will be allowed.
2023-12-15 07:13:38.4166 DEBUG AuthenticationScheme: Bearer was not authenticated.
2023-12-15 07:13:38.5307 DEBUG Response markup is scheduled to include browser refresh script injection.
2023-12-15 07:13:38.7619 DEBUG Response markup was updated to include browser refresh script injection.
2023-12-15 07:13:38.7724 INFO Request starting HTTP/2.0 GET https://localhost:44352/_framework/aspnetcore-browser-refresh.js  
2023-12-15 07:13:38.7724 INFO Request finished in 637.7326ms 200 text/html;charset=utf-8
2023-12-15 07:13:38.7724 INFO Request starting HTTP/2.0 GET https://localhost:44352/_vs/browserLink  
2023-12-15 07:13:38.7939 INFO Request finished in 20.3284ms 200 application/javascript; charset=utf-8
2023-12-15 07:13:38.8670 INFO Request finished in 89.1153ms 200 text/javascript; charset=UTF-8
2023-12-15 07:13:39.2324 INFO Request starting HTTP/2.0 GET https://localhost:44352/swagger/v1/swagger.json  
2023-12-15 07:13:39.2342 DEBUG AuthenticationScheme: Bearer was not authenticated.
2023-12-15 07:13:39.4065 INFO Request finished in 174.224ms 200 application/json;charset=utf-8
2023-12-15 07:13:52.7503 INFO Request starting HTTP/2.0 POST https://localhost:44352/api/User/Forget-Password?Email=ana%40Gmail.com  0
2023-12-15 07:13:52.7646 DEBUG AuthenticationScheme: Bearer was not authenticated.
2023-12-15 07:13:52.7646 DEBUG POST requests are not supported
2023-12-15 07:13:52.8390 DEBUG 1 candidate(s) found for the request path '/api/User/Forget-Password'
2023-12-15 07:13:52.8464 DEBUG Endpoint 'FundooNoteApplication.Controllers.UserController.ForgetPassword (FundooNoteApplication)' with route pattern 'api/User/Forget-Password' is valid for the request path '/api/User/Forget-Password'
2023-12-15 07:13:52.8464 DEBUG Request matched endpoint 'FundooNoteApplication.Controllers.UserController.ForgetPassword (FundooNoteApplication)'
2023-12-15 07:13:52.8611 INFO Executing endpoint 'FundooNoteApplication.Controllers.UserController.ForgetPassword (FundooNoteApplication)'
2023-12-15 07:13:52.8784 DEBUG Registered model binder providers, in the following order: Microsoft.AspNetCore.Mvc.ModelBinding.Binders.BinderTypeModelBinderProvider, Microsoft.AspNetCore.Mvc.ModelBinding.Binders.ServicesModelBinderProvider, Microsoft.AspNetCore.Mvc.ModelBinding.Binders.BodyModelBinderProvider, Microsoft.AspNetCore.Mvc.ModelBinding.Binders.HeaderModelBinderProvider, Microsoft.AspNetCore.Mvc.ModelBinding.Binders.FloatingPointTypeModelBinderProvider, Microsoft.AspNetCore.Mvc.ModelBinding.Binders.EnumTypeModelBinderProvider, Microsoft.AspNetCore.Mvc.ModelBinding.Binders.SimpleTypeModelBinderProvider, Microsoft.AspNetCore.Mvc.ModelBinding.Binders.CancellationTokenModelBinderProvider, Microsoft.AspNetCore.Mvc.ModelBinding.Binders.ByteArrayModelBinderProvider, Microsoft.AspNetCore.Mvc.ModelBinding.Binders.FormFileModelBinderProvider, Microsoft.AspNetCore.Mvc.ModelBinding.Binders.FormCollectionModelBinderProvider, Microsoft.AspNetCore.Mvc.ModelBinding.Binders.KeyValuePairModelBinderProvider, Microsoft.AspNetCore.Mvc.ModelBinding.Binders.DictionaryModelBinderProvider, Microsoft.AspNetCore.Mvc.ModelBinding.Binders.ArrayModelBinderProvider, Microsoft.AspNetCore.Mvc.ModelBinding.Binders.CollectionModelBinderProvider, Microsoft.AspNetCore.Mvc.ModelBinding.Binders.ComplexTypeModelBinderProvider
2023-12-15 07:13:52.9947 INFO Route matched with {action = "ForgetPassword", controller = "User"}. Executing controller action with signature System.Threading.Tasks.Task`1[Microsoft.AspNetCore.Mvc.IActionResult] ForgetPassword(System.String) on controller FundooNoteApplication.Controllers.UserController (FundooNoteApplication).
2023-12-15 07:13:52.9972 DEBUG Execution plan of authorization filters (in the following order): None
2023-12-15 07:13:52.9972 DEBUG Execution plan of resource filters (in the following order): None
2023-12-15 07:13:52.9972 DEBUG Execution plan of action filters (in the following order): Microsoft.AspNetCore.Mvc.ModelBinding.UnsupportedContentTypeFilter (Order: -3000), Microsoft.AspNetCore.Mvc.Infrastructure.ModelStateInvalidFilter (Order: -2000)
2023-12-15 07:13:52.9972 DEBUG Execution plan of exception filters (in the following order): None
2023-12-15 07:13:52.9972 DEBUG Execution plan of result filters (in the following order): Microsoft.AspNetCore.Mvc.Infrastructure.ClientErrorResultFilter (Order: -2000)
2023-12-15 07:13:52.9972 DEBUG Executing controller factory for controller FundooNoteApplication.Controllers.UserController (FundooNoteApplication)
2023-12-15 07:13:53.3165 DEBUG An 'IServiceProvider' was created for internal use by Entity Framework.
2023-12-15 07:13:53.3615 DEBUG Executed controller factory for controller FundooNoteApplication.Controllers.UserController (FundooNoteApplication)
2023-12-15 07:13:53.3776 DEBUG Attempting to bind parameter 'Email' of type 'System.String' ...
2023-12-15 07:13:53.3776 DEBUG Attempting to bind parameter 'Email' of type 'System.String' using the name 'Email' in request data ...
2023-12-15 07:13:53.3776 DEBUG Done attempting to bind parameter 'Email' of type 'System.String'.
2023-12-15 07:13:53.3776 DEBUG Done attempting to bind parameter 'Email' of type 'System.String'.
2023-12-15 07:13:53.3776 DEBUG Attempting to validate the bound parameter 'Email' of type 'System.String' ...
2023-12-15 07:13:53.3937 DEBUG Done attempting to validate the bound parameter 'Email' of type 'System.String'.
2023-12-15 07:17:14.1551 INFO Application started...
2023-12-15 07:17:16.2432 DEBUG Hosting starting
2023-12-15 07:17:16.3936 INFO User profile is available. Using 'C:\Users\anany\AppData\Local\ASP.NET\DataProtection-Keys' as key repository and Windows DPAPI to encrypt keys at rest.
2023-12-15 07:17:17.0024 DEBUG Reading data from file 'C:\Users\anany\AppData\Local\ASP.NET\DataProtection-Keys\key-eed368dc-f21a-4e31-a063-6b7be4e0c050.xml'.
2023-12-15 07:17:17.0191 DEBUG Found key {eed368dc-f21a-4e31-a063-6b7be4e0c050}.
2023-12-15 07:17:17.0423 DEBUG Considering key {eed368dc-f21a-4e31-a063-6b7be4e0c050} with expiration date 2024-01-31 05:59:39Z as default key.
2023-12-15 07:17:17.1456 DEBUG Forwarded activator type request from Microsoft.AspNetCore.DataProtection.XmlEncryption.DpapiXmlDecryptor, Microsoft.AspNetCore.DataProtection, Version=3.1.32.0, Culture=neutral, PublicKeyToken=adb9793829ddae60 to Microsoft.AspNetCore.DataProtection.XmlEncryption.DpapiXmlDecryptor, Microsoft.AspNetCore.DataProtection, Culture=neutral, PublicKeyToken=adb9793829ddae60
2023-12-15 07:17:17.1599 DEBUG Decrypting secret element using Windows DPAPI.
2023-12-15 07:17:17.1599 DEBUG Forwarded activator type request from Microsoft.AspNetCore.DataProtection.AuthenticatedEncryption.ConfigurationModel.AuthenticatedEncryptorDescriptorDeserializer, Microsoft.AspNetCore.DataProtection, Version=3.1.32.0, Culture=neutral, PublicKeyToken=adb9793829ddae60 to Microsoft.AspNetCore.DataProtection.AuthenticatedEncryption.ConfigurationModel.AuthenticatedEncryptorDescriptorDeserializer, Microsoft.AspNetCore.DataProtection, Culture=neutral, PublicKeyToken=adb9793829ddae60
2023-12-15 07:17:17.1696 DEBUG Opening CNG algorithm 'AES' from provider '(null)' with chaining mode CBC.
2023-12-15 07:17:17.1696 DEBUG Opening CNG algorithm 'SHA256' from provider '(null)' with HMAC.
2023-12-15 07:17:17.1696 DEBUG Using key {eed368dc-f21a-4e31-a063-6b7be4e0c050} as the default key.
2023-12-15 07:17:17.1696 DEBUG Key ring with default key {eed368dc-f21a-4e31-a063-6b7be4e0c050} was loaded during application startup.
2023-12-15 07:17:17.1903 DEBUG Starting host: rabbitmq://localhost/
2023-12-15 07:17:17.4321 DEBUG Connect: guest@localhost:5672/
2023-12-15 07:17:18.0562 DEBUG Connected: guest@localhost:5672/ (address: amqp://localhost:5672, local: 61167)
2023-12-15 07:17:18.2648 DEBUG Loaded hosting startup assembly FundooNoteApplication
2023-12-15 07:17:18.2648 DEBUG Loaded hosting startup assembly Microsoft.AspNetCore.Watch.BrowserRefresh
2023-12-15 07:17:18.2648 DEBUG Loaded hosting startup assembly Microsoft.WebTools.BrowserLink.Net
2023-12-15 07:17:18.2648 INFO Application started. Press Ctrl+C to shut down.
2023-12-15 07:17:18.2648 INFO Hosting environment: Development
2023-12-15 07:17:18.2648 INFO Content root path: C:\Users\anany\source\repos\FundooNoteApplication\FundooNoteApplication
2023-12-15 07:17:18.2648 DEBUG Hosting started
2023-12-15 07:17:18.3367 INFO Request starting HTTP/2.0 GET https://localhost:44352/Swagger/index.html  
2023-12-15 07:17:18.4196 DEBUG Wildcard detected, all requests with hosts will be allowed.
2023-12-15 07:17:18.6080 DEBUG AuthenticationScheme: Bearer was not authenticated.
2023-12-15 07:17:18.6633 DEBUG Response markup is scheduled to include browser refresh script injection.
2023-12-15 07:17:18.8262 DEBUG Response markup was updated to include browser refresh script injection.
2023-12-15 07:17:18.8262 INFO Request finished in 500.9635ms 200 text/html;charset=utf-8
2023-12-15 07:17:18.9857 INFO Request starting HTTP/2.0 GET https://localhost:44352/_vs/browserLink  
2023-12-15 07:17:18.9857 INFO Request starting HTTP/2.0 GET https://localhost:44352/_framework/aspnetcore-browser-refresh.js  
2023-12-15 07:17:19.0298 INFO Request finished in 36.8755ms 200 application/javascript; charset=utf-8
2023-12-15 07:17:19.0733 INFO Request finished in 88.0029ms 200 text/javascript; charset=UTF-8
2023-12-15 07:17:19.1609 INFO Request starting HTTP/2.0 GET https://localhost:44352/swagger/v1/swagger.json  
2023-12-15 07:17:19.1609 DEBUG AuthenticationScheme: Bearer was not authenticated.
2023-12-15 07:17:19.3500 INFO Request finished in 189.0516ms 200 application/json;charset=utf-8
2023-12-15 07:17:28.5456 INFO Request starting HTTP/2.0 POST https://localhost:44352/api/User/Forget-Password?Email=aaa  0
2023-12-15 07:17:28.5456 DEBUG AuthenticationScheme: Bearer was not authenticated.
2023-12-15 07:17:28.5456 DEBUG POST requests are not supported
2023-12-15 07:17:28.6090 DEBUG 1 candidate(s) found for the request path '/api/User/Forget-Password'
2023-12-15 07:17:28.6090 DEBUG Endpoint 'FundooNoteApplication.Controllers.UserController.ForgetPassword (FundooNoteApplication)' with route pattern 'api/User/Forget-Password' is valid for the request path '/api/User/Forget-Password'
2023-12-15 07:17:28.6090 DEBUG Request matched endpoint 'FundooNoteApplication.Controllers.UserController.ForgetPassword (FundooNoteApplication)'
2023-12-15 07:17:28.6266 INFO Executing endpoint 'FundooNoteApplication.Controllers.UserController.ForgetPassword (FundooNoteApplication)'
2023-12-15 07:17:28.6389 DEBUG Registered model binder providers, in the following order: Microsoft.AspNetCore.Mvc.ModelBinding.Binders.BinderTypeModelBinderProvider, Microsoft.AspNetCore.Mvc.ModelBinding.Binders.ServicesModelBinderProvider, Microsoft.AspNetCore.Mvc.ModelBinding.Binders.BodyModelBinderProvider, Microsoft.AspNetCore.Mvc.ModelBinding.Binders.HeaderModelBinderProvider, Microsoft.AspNetCore.Mvc.ModelBinding.Binders.FloatingPointTypeModelBinderProvider, Microsoft.AspNetCore.Mvc.ModelBinding.Binders.EnumTypeModelBinderProvider, Microsoft.AspNetCore.Mvc.ModelBinding.Binders.SimpleTypeModelBinderProvider, Microsoft.AspNetCore.Mvc.ModelBinding.Binders.CancellationTokenModelBinderProvider, Microsoft.AspNetCore.Mvc.ModelBinding.Binders.ByteArrayModelBinderProvider, Microsoft.AspNetCore.Mvc.ModelBinding.Binders.FormFileModelBinderProvider, Microsoft.AspNetCore.Mvc.ModelBinding.Binders.FormCollectionModelBinderProvider, Microsoft.AspNetCore.Mvc.ModelBinding.Binders.KeyValuePairModelBinderProvider, Microsoft.AspNetCore.Mvc.ModelBinding.Binders.DictionaryModelBinderProvider, Microsoft.AspNetCore.Mvc.ModelBinding.Binders.ArrayModelBinderProvider, Microsoft.AspNetCore.Mvc.ModelBinding.Binders.CollectionModelBinderProvider, Microsoft.AspNetCore.Mvc.ModelBinding.Binders.ComplexTypeModelBinderProvider
2023-12-15 07:17:28.7252 INFO Route matched with {action = "ForgetPassword", controller = "User"}. Executing controller action with signature System.Threading.Tasks.Task`1[Microsoft.AspNetCore.Mvc.IActionResult] ForgetPassword(System.String) on controller FundooNoteApplication.Controllers.UserController (FundooNoteApplication).
2023-12-15 07:17:28.7252 DEBUG Execution plan of authorization filters (in the following order): None
2023-12-15 07:17:28.7252 DEBUG Execution plan of resource filters (in the following order): None
2023-12-15 07:17:28.7252 DEBUG Execution plan of action filters (in the following order): Microsoft.AspNetCore.Mvc.ModelBinding.UnsupportedContentTypeFilter (Order: -3000), Microsoft.AspNetCore.Mvc.Infrastructure.ModelStateInvalidFilter (Order: -2000)
2023-12-15 07:17:28.7252 DEBUG Execution plan of exception filters (in the following order): None
2023-12-15 07:17:28.7252 DEBUG Execution plan of result filters (in the following order): Microsoft.AspNetCore.Mvc.Infrastructure.ClientErrorResultFilter (Order: -2000)
2023-12-15 07:17:28.7331 DEBUG Executing controller factory for controller FundooNoteApplication.Controllers.UserController (FundooNoteApplication)
2023-12-15 07:17:29.0929 DEBUG An 'IServiceProvider' was created for internal use by Entity Framework.
2023-12-15 07:17:29.1526 DEBUG Executed controller factory for controller FundooNoteApplication.Controllers.UserController (FundooNoteApplication)
2023-12-15 07:17:29.1526 DEBUG Attempting to bind parameter 'Email' of type 'System.String' ...
2023-12-15 07:17:29.1737 DEBUG Attempting to bind parameter 'Email' of type 'System.String' using the name 'Email' in request data ...
2023-12-15 07:17:29.1737 DEBUG Done attempting to bind parameter 'Email' of type 'System.String'.
2023-12-15 07:17:29.1737 DEBUG Done attempting to bind parameter 'Email' of type 'System.String'.
2023-12-15 07:17:29.1737 DEBUG Attempting to validate the bound parameter 'Email' of type 'System.String' ...
2023-12-15 07:17:29.1737 DEBUG Done attempting to validate the bound parameter 'Email' of type 'System.String'.
2023-12-15 11:41:38.1335 INFO Application started...
2023-12-15 11:41:39.6684 DEBUG Hosting starting
2023-12-15 11:41:39.7370 INFO User profile is available. Using 'C:\Users\anany\AppData\Local\ASP.NET\DataProtection-Keys' as key repository and Windows DPAPI to encrypt keys at rest.
2023-12-15 11:41:40.1493 DEBUG Reading data from file 'C:\Users\anany\AppData\Local\ASP.NET\DataProtection-Keys\key-eed368dc-f21a-4e31-a063-6b7be4e0c050.xml'.
2023-12-15 11:41:40.1722 DEBUG Found key {eed368dc-f21a-4e31-a063-6b7be4e0c050}.
2023-12-15 11:41:40.1944 DEBUG Considering key {eed368dc-f21a-4e31-a063-6b7be4e0c050} with expiration date 2024-01-31 05:59:39Z as default key.
2023-12-15 11:41:40.2415 DEBUG Forwarded activator type request from Microsoft.AspNetCore.DataProtection.XmlEncryption.DpapiXmlDecryptor, Microsoft.AspNetCore.DataProtection, Version=3.1.32.0, Culture=neutral, PublicKeyToken=adb9793829ddae60 to Microsoft.AspNetCore.DataProtection.XmlEncryption.DpapiXmlDecryptor, Microsoft.AspNetCore.DataProtection, Culture=neutral, PublicKeyToken=adb9793829ddae60
2023-12-15 11:41:40.2415 DEBUG Decrypting secret element using Windows DPAPI.
2023-12-15 11:41:40.2415 DEBUG Forwarded activator type request from Microsoft.AspNetCore.DataProtection.AuthenticatedEncryption.ConfigurationModel.AuthenticatedEncryptorDescriptorDeserializer, Microsoft.AspNetCore.DataProtection, Version=3.1.32.0, Culture=neutral, PublicKeyToken=adb9793829ddae60 to Microsoft.AspNetCore.DataProtection.AuthenticatedEncryption.ConfigurationModel.AuthenticatedEncryptorDescriptorDeserializer, Microsoft.AspNetCore.DataProtection, Culture=neutral, PublicKeyToken=adb9793829ddae60
2023-12-15 11:41:40.2555 DEBUG Opening CNG algorithm 'AES' from provider '(null)' with chaining mode CBC.
2023-12-15 11:41:40.2555 DEBUG Opening CNG algorithm 'SHA256' from provider '(null)' with HMAC.
2023-12-15 11:41:40.2645 DEBUG Using key {eed368dc-f21a-4e31-a063-6b7be4e0c050} as the default key.
2023-12-15 11:41:40.2645 DEBUG Key ring with default key {eed368dc-f21a-4e31-a063-6b7be4e0c050} was loaded during application startup.
2023-12-15 11:41:40.2645 DEBUG Starting host: rabbitmq://localhost/
2023-12-15 11:41:40.3544 DEBUG Connect: guest@localhost:5672/
2023-12-15 11:41:40.8944 DEBUG Loaded hosting startup assembly FundooNoteApplication
2023-12-15 11:41:40.8944 DEBUG Loaded hosting startup assembly Microsoft.AspNetCore.Watch.BrowserRefresh
2023-12-15 11:41:40.8944 DEBUG Loaded hosting startup assembly Microsoft.WebTools.BrowserLink.Net
2023-12-15 11:41:40.8944 INFO Application started. Press Ctrl+C to shut down.
2023-12-15 11:41:40.8944 INFO Hosting environment: Development
2023-12-15 11:41:40.8944 INFO Content root path: C:\Users\anany\source\repos\FundooNoteApplication\FundooNoteApplication
2023-12-15 11:41:40.8944 DEBUG Hosting started
2023-12-15 11:41:40.9412 INFO Request starting HTTP/2.0 GET https://localhost:44352/Swagger/index.html  
2023-12-15 11:41:41.7556 DEBUG Connected: guest@localhost:5672/ (address: amqp://localhost:5672, local: 62854)
2023-12-15 11:41:41.9608 DEBUG Wildcard detected, all requests with hosts will be allowed.
2023-12-15 11:41:42.0327 DEBUG AuthenticationScheme: Bearer was not authenticated.
2023-12-15 11:41:42.1277 DEBUG Response markup is scheduled to include browser refresh script injection.
2023-12-15 11:41:44.0022 DEBUG Response markup was updated to include browser refresh script injection.
2023-12-15 11:41:44.0022 INFO Request finished in 3073.3061ms 200 text/html;charset=utf-8
2023-12-15 11:41:44.1140 INFO Request starting HTTP/2.0 GET https://localhost:44352/_framework/aspnetcore-browser-refresh.js  
2023-12-15 11:41:44.1215 INFO Request finished in 7.5118ms 200 application/javascript; charset=utf-8
2023-12-15 11:41:44.1215 INFO Request starting HTTP/2.0 GET https://localhost:44352/_vs/browserLink  
2023-12-15 11:41:44.1881 INFO Request finished in 60.7509ms 200 text/javascript; charset=UTF-8
2023-12-15 11:41:44.5057 INFO Request starting HTTP/2.0 GET https://localhost:44352/swagger/v1/swagger.json  
2023-12-15 11:41:44.5057 DEBUG AuthenticationScheme: Bearer was not authenticated.
2023-12-15 11:41:44.6629 INFO Request finished in 157.5094ms 200 application/json;charset=utf-8
2023-12-15 11:42:45.8632 INFO Request starting HTTP/2.0 POST https://localhost:44352/api/User/login-with-jwt application/json 69
2023-12-15 11:42:45.8781 DEBUG AuthenticationScheme: Bearer was not authenticated.
2023-12-15 11:42:45.8781 DEBUG POST requests are not supported
2023-12-15 11:42:45.9189 DEBUG 1 candidate(s) found for the request path '/api/User/login-with-jwt'
2023-12-15 11:42:45.9189 DEBUG Endpoint 'FundooNoteApplication.Controllers.UserController.LoginWithJwt (FundooNoteApplication)' with route pattern 'api/User/login-with-jwt' is valid for the request path '/api/User/login-with-jwt'
2023-12-15 11:42:45.9189 DEBUG Request matched endpoint 'FundooNoteApplication.Controllers.UserController.LoginWithJwt (FundooNoteApplication)'
2023-12-15 11:42:45.9189 INFO Executing endpoint 'FundooNoteApplication.Controllers.UserController.LoginWithJwt (FundooNoteApplication)'
2023-12-15 11:42:45.9413 DEBUG Registered model binder providers, in the following order: Microsoft.AspNetCore.Mvc.ModelBinding.Binders.BinderTypeModelBinderProvider, Microsoft.AspNetCore.Mvc.ModelBinding.Binders.ServicesModelBinderProvider, Microsoft.AspNetCore.Mvc.ModelBinding.Binders.BodyModelBinderProvider, Microsoft.AspNetCore.Mvc.ModelBinding.Binders.HeaderModelBinderProvider, Microsoft.AspNetCore.Mvc.ModelBinding.Binders.FloatingPointTypeModelBinderProvider, Microsoft.AspNetCore.Mvc.ModelBinding.Binders.EnumTypeModelBinderProvider, Microsoft.AspNetCore.Mvc.ModelBinding.Binders.SimpleTypeModelBinderProvider, Microsoft.AspNetCore.Mvc.ModelBinding.Binders.CancellationTokenModelBinderProvider, Microsoft.AspNetCore.Mvc.ModelBinding.Binders.ByteArrayModelBinderProvider, Microsoft.AspNetCore.Mvc.ModelBinding.Binders.FormFileModelBinderProvider, Microsoft.AspNetCore.Mvc.ModelBinding.Binders.FormCollectionModelBinderProvider, Microsoft.AspNetCore.Mvc.ModelBinding.Binders.KeyValuePairModelBinderProvider, Microsoft.AspNetCore.Mvc.ModelBinding.Binders.DictionaryModelBinderProvider, Microsoft.AspNetCore.Mvc.ModelBinding.Binders.ArrayModelBinderProvider, Microsoft.AspNetCore.Mvc.ModelBinding.Binders.CollectionModelBinderProvider, Microsoft.AspNetCore.Mvc.ModelBinding.Binders.ComplexTypeModelBinderProvider
2023-12-15 11:42:45.9951 INFO Route matched with {action = "LoginWithJwt", controller = "User"}. Executing controller action with signature Microsoft.AspNetCore.Mvc.IActionResult LoginWithJwt(ModelLayer.Models.UserLogin) on controller FundooNoteApplication.Controllers.UserController (FundooNoteApplication).
2023-12-15 11:42:45.9958 DEBUG Execution plan of authorization filters (in the following order): None
2023-12-15 11:42:45.9958 DEBUG Execution plan of resource filters (in the following order): None
2023-12-15 11:42:45.9958 DEBUG Execution plan of action filters (in the following order): Microsoft.AspNetCore.Mvc.ModelBinding.UnsupportedContentTypeFilter (Order: -3000), Microsoft.AspNetCore.Mvc.Infrastructure.ModelStateInvalidFilter (Order: -2000)
2023-12-15 11:42:45.9958 DEBUG Execution plan of exception filters (in the following order): None
2023-12-15 11:42:45.9958 DEBUG Execution plan of result filters (in the following order): Microsoft.AspNetCore.Mvc.Infrastructure.ClientErrorResultFilter (Order: -2000)
2023-12-15 11:42:45.9958 DEBUG Executing controller factory for controller FundooNoteApplication.Controllers.UserController (FundooNoteApplication)
2023-12-15 11:42:46.1589 DEBUG An 'IServiceProvider' was created for internal use by Entity Framework.
2023-12-15 11:42:46.1996 DEBUG Executed controller factory for controller FundooNoteApplication.Controllers.UserController (FundooNoteApplication)
2023-12-15 11:42:46.1996 DEBUG Attempting to bind parameter 'userLogin' of type 'ModelLayer.Models.UserLogin' ...
2023-12-15 11:42:46.2136 DEBUG Attempting to bind parameter 'userLogin' of type 'ModelLayer.Models.UserLogin' using the name '' in request data ...
2023-12-15 11:42:46.2136 DEBUG Selected input formatter 'Microsoft.AspNetCore.Mvc.Formatters.SystemTextJsonInputFormatter' for content type 'application/json'.
2023-12-15 11:42:46.2297 DEBUG JSON input formatter succeeded, deserializing to type 'ModelLayer.Models.UserLogin'
2023-12-15 11:42:46.2297 DEBUG Done attempting to bind parameter 'userLogin' of type 'ModelLayer.Models.UserLogin'.
2023-12-15 11:42:46.2297 DEBUG Done attempting to bind parameter 'userLogin' of type 'ModelLayer.Models.UserLogin'.
2023-12-15 11:42:46.2297 DEBUG Attempting to validate the bound parameter 'userLogin' of type 'ModelLayer.Models.UserLogin' ...
2023-12-15 11:42:46.2297 DEBUG Done attempting to validate the bound parameter 'userLogin' of type 'ModelLayer.Models.UserLogin'.
2023-12-15 11:42:47.1999 INFO Entity Framework Core 3.1.0 initialized 'FundooContext' using provider 'Microsoft.EntityFrameworkCore.SqlServer' with options: None
2023-12-15 11:42:47.6020 DEBUG queryContext => new QueryingEnumerable<UserEntity>(
    (RelationalQueryContext)queryContext, 
    RelationalCommandCache, 
    null, 
    null, 
    Func<QueryContext, DbDataReader, ResultContext, int[], ResultCoordinator, UserEntity>, 
    RepositoryLayer.Context.FundooContext, 
    DiagnosticsLogger<Query>
)
    .SingleOrDefault()
2023-12-15 11:42:47.6553 DEBUG Creating DbCommand for 'ExecuteReader'.
2023-12-15 11:42:47.8693 DEBUG Created DbCommand for 'ExecuteReader' (209ms).
2023-12-15 11:42:47.8844 DEBUG Opening connection to database 'Fundoo' on server 'tcp:sqlfundooserver.database.windows.net,1433'.
2023-12-15 11:42:51.5766 ERROR An error occurred using the connection to database 'Fundoo' on server 'tcp:sqlfundooserver.database.windows.net,1433'.
2023-12-15 11:42:51.7638 ERROR An exception occurred while iterating over the results of a query for context type 'RepositoryLayer.Context.FundooContext'.
Microsoft.Data.SqlClient.SqlException (0x80131904): Cannot open server 'sqlfundooserver' requested by the login. Client with IP address '103.122.61.10' is not allowed to access the server.  To enable access, use the Azure Management Portal or run sp_set_firewall_rule on the master database to create a firewall rule for this IP address or address range.  It may take up to five minutes for this change to take effect.
   at Microsoft.Data.ProviderBase.DbConnectionPool.CheckPoolBlockingPeriod(Exception e)
   at Microsoft.Data.ProviderBase.DbConnectionPool.CreateObject(DbConnection owningObject, DbConnectionOptions userOptions, DbConnectionInternal oldConnection)
   at Microsoft.Data.ProviderBase.DbConnectionPool.UserCreateRequest(DbConnection owningObject, DbConnectionOptions userOptions, DbConnectionInternal oldConnection)
   at Microsoft.Data.ProviderBase.DbConnectionPool.TryGetConnection(DbConnection owningObject, UInt32 waitForMultipleObjectsTimeout, Boolean allowCreate, Boolean onlyOneCheckConnection, DbConnectionOptions userOptions, DbConnectionInternal& connection)
   at Microsoft.Data.ProviderBase.DbConnectionPool.TryGetConnection(DbConnection owningObject, TaskCompletionSource`1 retry, DbConnectionOptions userOptions, DbConnectionInternal& connection)
   at Microsoft.Data.ProviderBase.DbConnectionFactory.TryGetConnection(DbConnection owningConnection, TaskCompletionSource`1 retry, DbConnectionOptions userOptions, DbConnectionInternal oldConnection, DbConnectionInternal& connection)
   at Microsoft.Data.ProviderBase.DbConnectionInternal.TryOpenConnectionInternal(DbConnection outerConnection, DbConnectionFactory connectionFactory, TaskCompletionSource`1 retry, DbConnectionOptions userOptions)
   at Microsoft.Data.ProviderBase.DbConnectionClosed.TryOpenConnection(DbConnection outerConnection, DbConnectionFactory connectionFactory, TaskCompletionSource`1 retry, DbConnectionOptions userOptions)
   at Microsoft.Data.SqlClient.SqlConnection.TryOpen(TaskCompletionSource`1 retry)
   at Microsoft.Data.SqlClient.SqlConnection.Open()
   at Microsoft.EntityFrameworkCore.Storage.RelationalConnection.OpenDbConnection(Boolean errorsExpected)
   at Microsoft.EntityFrameworkCore.Storage.RelationalConnection.Open(Boolean errorsExpected)
   at Microsoft.EntityFrameworkCore.Storage.RelationalCommand.ExecuteReader(RelationalCommandParameterObject parameterObject)
   at Microsoft.EntityFrameworkCore.Query.Internal.QueryingEnumerable`1.Enumerator.InitializeReader(DbContext _, Boolean result)
   at Microsoft.EntityFrameworkCore.SqlServer.Storage.Internal.SqlServerExecutionStrategy.Execute[TState,TResult](TState state, Func`3 operation, Func`3 verifySucceeded)
   at Microsoft.EntityFrameworkCore.Query.Internal.QueryingEnumerable`1.Enumerator.MoveNext()
ClientConnectionId:f283cd96-5dd8-46d9-a55c-17f2cd613dc9
Error Number:40615,State:1,Class:14
2023-12-15 11:42:51.7819 DEBUG List of registered output formatters, in the following order: Microsoft.AspNetCore.Mvc.Formatters.HttpNoContentOutputFormatter, Microsoft.AspNetCore.Mvc.Formatters.StringOutputFormatter, Microsoft.AspNetCore.Mvc.Formatters.StreamOutputFormatter, Microsoft.AspNetCore.Mvc.Formatters.SystemTextJsonOutputFormatter
2023-12-15 11:42:51.7819 DEBUG No information found on request to perform content negotiation.
2023-12-15 11:42:51.7819 DEBUG Attempting to select an output formatter without using a content type as no explicit content types were specified for the response.
2023-12-15 11:42:51.7819 DEBUG Attempting to select the first formatter in the output formatters list which can write the result.
2023-12-15 11:42:51.7852 DEBUG Selected output formatter 'Microsoft.AspNetCore.Mvc.Formatters.SystemTextJsonOutputFormatter' and content type 'application/json' to write the response.
2023-12-15 11:42:51.7852 INFO Executing ObjectResult, writing value of type '<>f__AnonymousType1`2[[System.Boolean, System.Private.CoreLib, Version=4.0.0.0, Culture=neutral, PublicKeyToken=7cec85d7bea7798e],[System.String, System.Private.CoreLib, Version=4.0.0.0, Culture=neutral, PublicKeyToken=7cec85d7bea7798e]]'.
2023-12-15 11:42:51.7937 INFO Executed action FundooNoteApplication.Controllers.UserController.LoginWithJwt (FundooNoteApplication) in 5793.6969ms
2023-12-15 11:42:51.7937 INFO Executed endpoint 'FundooNoteApplication.Controllers.UserController.LoginWithJwt (FundooNoteApplication)'
2023-12-15 11:43:01.1923 ERROR Error closing the session.
2023-12-15 11:43:01.1923 DEBUG 'FundooContext' disposed.
2023-12-15 11:43:01.2035 INFO Request finished in 15343.7669ms 400 application/json; charset=utf-8
