2023-11-24 10:28:59.3941 INFO Application started...
2023-11-24 10:29:04.6001 DEBUG Hosting starting
2023-11-24 10:29:04.7248 INFO User profile is available. Using 'C:\Users\anany\AppData\Local\ASP.NET\DataProtection-Keys' as key repository and Windows DPAPI to encrypt keys at rest.
2023-11-24 10:29:08.5109 DEBUG Reading data from file 'C:\Users\anany\AppData\Local\ASP.NET\DataProtection-Keys\key-eed368dc-f21a-4e31-a063-6b7be4e0c050.xml'.
2023-11-24 10:29:08.5205 DEBUG Found key {eed368dc-f21a-4e31-a063-6b7be4e0c050}.
2023-11-24 10:29:08.5205 DEBUG Considering key {eed368dc-f21a-4e31-a063-6b7be4e0c050} with expiration date 2024-01-31 05:59:39Z as default key.
2023-11-24 10:29:08.5542 DEBUG Forwarded activator type request from Microsoft.AspNetCore.DataProtection.XmlEncryption.DpapiXmlDecryptor, Microsoft.AspNetCore.DataProtection, Version=3.1.32.0, Culture=neutral, PublicKeyToken=adb9793829ddae60 to Microsoft.AspNetCore.DataProtection.XmlEncryption.DpapiXmlDecryptor, Microsoft.AspNetCore.DataProtection, Culture=neutral, PublicKeyToken=adb9793829ddae60
2023-11-24 10:29:08.5542 DEBUG Decrypting secret element using Windows DPAPI.
2023-11-24 10:29:08.5542 DEBUG Forwarded activator type request from Microsoft.AspNetCore.DataProtection.AuthenticatedEncryption.ConfigurationModel.AuthenticatedEncryptorDescriptorDeserializer, Microsoft.AspNetCore.DataProtection, Version=3.1.32.0, Culture=neutral, PublicKeyToken=adb9793829ddae60 to Microsoft.AspNetCore.DataProtection.AuthenticatedEncryption.ConfigurationModel.AuthenticatedEncryptorDescriptorDeserializer, Microsoft.AspNetCore.DataProtection, Culture=neutral, PublicKeyToken=adb9793829ddae60
2023-11-24 10:29:08.5542 DEBUG Opening CNG algorithm 'AES' from provider '(null)' with chaining mode CBC.
2023-11-24 10:29:08.5542 DEBUG Opening CNG algorithm 'SHA256' from provider '(null)' with HMAC.
2023-11-24 10:29:08.5542 DEBUG Using key {eed368dc-f21a-4e31-a063-6b7be4e0c050} as the default key.
2023-11-24 10:29:08.5542 DEBUG Key ring with default key {eed368dc-f21a-4e31-a063-6b7be4e0c050} was loaded during application startup.
2023-11-24 10:29:08.5688 DEBUG Starting host: rabbitmq://localhost/
2023-11-24 10:29:08.5993 DEBUG Connect: guest@localhost:5672/
2023-11-24 10:29:09.1125 DEBUG Loaded hosting startup assembly FundooNoteApplication
2023-11-24 10:29:09.1125 DEBUG Loaded hosting startup assembly Microsoft.AspNetCore.Watch.BrowserRefresh
2023-11-24 10:29:09.1125 DEBUG Loaded hosting startup assembly Microsoft.WebTools.BrowserLink.Net
2023-11-24 10:29:09.1125 INFO Application started. Press Ctrl+C to shut down.
2023-11-24 10:29:09.1125 INFO Hosting environment: Development
2023-11-24 10:29:09.1125 INFO Content root path: C:\Users\anany\source\repos\FundooNoteApplication\FundooNoteApplication
2023-11-24 10:29:09.1125 DEBUG Hosting started
2023-11-24 10:29:09.1217 DEBUG Connection ID "18374686506246734082" disconnecting.
2023-11-24 10:29:09.1355 INFO Request starting HTTP/2.0 GET https://localhost:44352/Swagger/index.html  
2023-11-24 10:29:13.3928 DEBUG Wildcard detected, all requests with hosts will be allowed.
2023-11-24 10:29:13.4346 DEBUG AuthenticationScheme: Bearer was not authenticated.
2023-11-24 10:29:13.4782 DEBUG Response markup is scheduled to include browser refresh script injection.
2023-11-24 10:29:15.4874 DEBUG Connected: guest@localhost:5672/ (address: amqp://localhost:5672, local: 59806)
2023-11-24 10:29:17.2261 DEBUG Response markup was updated to include browser refresh script injection.
2023-11-24 10:29:17.2261 INFO Request finished in 8096.2809ms 200 text/html;charset=utf-8
